{"row":1,"message":"User imported successfully.","status":true,"status_msg":"Success","post_id":2,"post_link":{"edit_url":"https:\/\/simonneelle.de\/wp-admin\/user-edit.php?user_id=2","title":"aalyssaburke"}}
{"row":2,"message":"User imported successfully.","status":true,"status_msg":"Success","post_id":3,"post_link":{"edit_url":"https:\/\/simonneelle.de\/wp-admin\/user-edit.php?user_id=3","title":"abrown"}}
{"row":3,"message":"User imported successfully.","status":true,"status_msg":"Success","post_id":4,"post_link":{"edit_url":"https:\/\/simonneelle.de\/wp-admin\/user-edit.php?user_id=4","title":"albert67"}}
{"row":4,"message":"User imported successfully.","status":true,"status_msg":"Success","post_id":5,"post_link":{"edit_url":"https:\/\/simonneelle.de\/wp-admin\/user-edit.php?user_id=5","title":"alexe_da79"}}
{"row":5,"message":"User imported successfully.","status":true,"status_msg":"Success","post_id":6,"post_link":{"edit_url":"https:\/\/simonneelle.de\/wp-admin\/user-edit.php?user_id=6","title":"alexis94"}}
{"row":6,"message":"User imported successfully.","status":true,"status_msg":"Success","post_id":7,"post_link":{"edit_url":"https:\/\/simonneelle.de\/wp-admin\/user-edit.php?user_id=7","title":"aliciahowe"}}
{"row":7,"message":"User imported successfully.","status":true,"status_msg":"Success","post_id":8,"post_link":{"edit_url":"https:\/\/simonneelle.de\/wp-admin\/user-edit.php?user_id=8","title":"allenellen"}}
{"row":8,"message":"User imported successfully.","status":true,"status_msg":"Success","post_id":9,"post_link":{"edit_url":"https:\/\/simonneelle.de\/wp-admin\/user-edit.php?user_id=9","title":"alyssamartin"}}
{"row":9,"message":"User imported successfully.","status":true,"status_msg":"Success","post_id":10,"post_link":{"edit_url":"https:\/\/simonneelle.de\/wp-admin\/user-edit.php?user_id=10","title":"amanda58"}}
{"row":10,"message":"User imported successfully.","status":true,"status_msg":"Success","post_id":11,"post_link":{"edit_url":"https:\/\/simonneelle.de\/wp-admin\/user-edit.php?user_id=11","title":"amandabeck808"}}
{"row":11,"message":"User imported successfully.","status":true,"status_msg":"Success","post_id":12,"post_link":{"edit_url":"https:\/\/simonneelle.de\/wp-admin\/user-edit.php?user_id=12","title":"amberhamilton"}}
{"row":12,"message":"User imported successfully.","status":true,"status_msg":"Success","post_id":13,"post_link":{"edit_url":"https:\/\/simonneelle.de\/wp-admin\/user-edit.php?user_id=13","title":"amritanubhava"}}
{"row":13,"message":"User imported successfully.","status":true,"status_msg":"Success","post_id":14,"post_link":{"edit_url":"https:\/\/simonneelle.de\/wp-admin\/user-edit.php?user_id=14","title":"amymartinez808"}}
{"row":14,"message":"User imported successfully.","status":true,"status_msg":"Success","post_id":15,"post_link":{"edit_url":"https:\/\/simonneelle.de\/wp-admin\/user-edit.php?user_id=15","title":"andersonbrian"}}
{"row":15,"message":"User imported successfully.","status":true,"status_msg":"Success","post_id":16,"post_link":{"edit_url":"https:\/\/simonneelle.de\/wp-admin\/user-edit.php?user_id=16","title":"andrebeard"}}
{"row":16,"message":"User imported successfully.","status":true,"status_msg":"Success","post_id":17,"post_link":{"edit_url":"https:\/\/simonneelle.de\/wp-admin\/user-edit.php?user_id=17","title":"anthonytaylor"}}
{"row":17,"message":"User imported successfully.","status":true,"status_msg":"Success","post_id":18,"post_link":{"edit_url":"https:\/\/simonneelle.de\/wp-admin\/user-edit.php?user_id=18","title":"anto_toth"}}
{"row":18,"message":"User imported successfully.","status":true,"status_msg":"Success","post_id":19,"post_link":{"edit_url":"https:\/\/simonneelle.de\/wp-admin\/user-edit.php?user_id=19","title":"auricaboga8"}}
{"row":19,"message":"User imported successfully.","status":true,"status_msg":"Success","post_id":20,"post_link":{"edit_url":"https:\/\/simonneelle.de\/wp-admin\/user-edit.php?user_id=20","title":"ayalajames"}}
{"row":20,"message":"User imported successfully.","status":true,"status_msg":"Success","post_id":21,"post_link":{"edit_url":"https:\/\/simonneelle.de\/wp-admin\/user-edit.php?user_id=21","title":"ayisagenev397"}}
{"row":21,"message":"User imported successfully.","status":true,"status_msg":"Success","post_id":22,"post_link":{"edit_url":"https:\/\/simonneelle.de\/wp-admin\/user-edit.php?user_id=22","title":"azuladiqed294"}}
{"row":22,"message":"User imported successfully.","status":true,"status_msg":"Success","post_id":23,"post_link":{"edit_url":"https:\/\/simonneelle.de\/wp-admin\/user-edit.php?user_id=23","title":"benjamin27"}}
{"row":23,"message":"User imported successfully.","status":true,"status_msg":"Success","post_id":24,"post_link":{"edit_url":"https:\/\/simonneelle.de\/wp-admin\/user-edit.php?user_id=24","title":"brownpaula"}}
{"row":24,"message":"User imported successfully.","status":true,"status_msg":"Success","post_id":25,"post_link":{"edit_url":"https:\/\/simonneelle.de\/wp-admin\/user-edit.php?user_id=25","title":"brownpeter"}}
{"row":25,"message":"User imported successfully.","status":true,"status_msg":"Success","post_id":26,"post_link":{"edit_url":"https:\/\/simonneelle.de\/wp-admin\/user-edit.php?user_id=26","title":"bwolf"}}
{"row":26,"message":"User imported successfully.","status":true,"status_msg":"Success","post_id":27,"post_link":{"edit_url":"https:\/\/simonneelle.de\/wp-admin\/user-edit.php?user_id=27","title":"calvarez"}}
{"row":27,"message":"User imported successfully.","status":true,"status_msg":"Success","post_id":28,"post_link":{"edit_url":"https:\/\/simonneelle.de\/wp-admin\/user-edit.php?user_id=28","title":"charleneduke"}}
{"row":28,"message":"User imported successfully.","status":true,"status_msg":"Success","post_id":29,"post_link":{"edit_url":"https:\/\/simonneelle.de\/wp-admin\/user-edit.php?user_id=29","title":"christian.eichert"}}
{"row":29,"message":"User imported successfully.","status":true,"status_msg":"Success","post_id":30,"post_link":{"edit_url":"https:\/\/simonneelle.de\/wp-admin\/user-edit.php?user_id=30","title":"christopheradams"}}
{"row":30,"message":"User imported successfully.","status":true,"status_msg":"Success","post_id":31,"post_link":{"edit_url":"https:\/\/simonneelle.de\/wp-admin\/user-edit.php?user_id=31","title":"christopherdixon"}}
{"row":31,"message":"User imported successfully.","status":true,"status_msg":"Success","post_id":32,"post_link":{"edit_url":"https:\/\/simonneelle.de\/wp-admin\/user-edit.php?user_id=32","title":"cobberic"}}
{"row":32,"message":"User imported successfully.","status":true,"status_msg":"Success","post_id":33,"post_link":{"edit_url":"https:\/\/simonneelle.de\/wp-admin\/user-edit.php?user_id=33","title":"cody09"}}
{"row":33,"message":"User imported successfully.","status":true,"status_msg":"Success","post_id":34,"post_link":{"edit_url":"https:\/\/simonneelle.de\/wp-admin\/user-edit.php?user_id=34","title":"cornel.aprodu"}}
{"row":34,"message":"User imported successfully.","status":true,"status_msg":"Success","post_id":35,"post_link":{"edit_url":"https:\/\/simonneelle.de\/wp-admin\/user-edit.php?user_id=35","title":"coxdavid"}}
{"row":35,"message":"User imported successfully.","status":true,"status_msg":"Success","post_id":36,"post_link":{"edit_url":"https:\/\/simonneelle.de\/wp-admin\/user-edit.php?user_id=36","title":"cpena"}}
{"row":36,"message":"User imported successfully.","status":true,"status_msg":"Success","post_id":37,"post_link":{"edit_url":"https:\/\/simonneelle.de\/wp-admin\/user-edit.php?user_id=37","title":"crystal93"}}
{"row":37,"message":"User imported successfully.","status":true,"status_msg":"Success","post_id":38,"post_link":{"edit_url":"https:\/\/simonneelle.de\/wp-admin\/user-edit.php?user_id=38","title":"david49"}}
{"row":38,"message":"User imported successfully.","status":true,"status_msg":"Success","post_id":39,"post_link":{"edit_url":"https:\/\/simonneelle.de\/wp-admin\/user-edit.php?user_id=39","title":"daviid25"}}
{"row":39,"message":"User imported successfully.","status":true,"status_msg":"Success","post_id":40,"post_link":{"edit_url":"https:\/\/simonneelle.de\/wp-admin\/user-edit.php?user_id=40","title":"daviid_miller"}}
{"row":40,"message":"User imported successfully.","status":true,"status_msg":"Success","post_id":41,"post_link":{"edit_url":"https:\/\/simonneelle.de\/wp-admin\/user-edit.php?user_id=41","title":"davisjoseph"}}
{"row":41,"message":"User imported successfully.","status":true,"status_msg":"Success","post_id":42,"post_link":{"edit_url":"https:\/\/simonneelle.de\/wp-admin\/user-edit.php?user_id=42","title":"dawnbrown"}}
{"row":42,"message":"User imported successfully.","status":true,"status_msg":"Success","post_id":43,"post_link":{"edit_url":"https:\/\/simonneelle.de\/wp-admin\/user-edit.php?user_id=43","title":"denisa.cornaciu"}}
{"row":43,"message":"User imported successfully.","status":true,"status_msg":"Success","post_id":44,"post_link":{"edit_url":"https:\/\/simonneelle.de\/wp-admin\/user-edit.php?user_id=44","title":"derrickwright"}}
{"row":44,"message":"User imported successfully.","status":true,"status_msg":"Success","post_id":45,"post_link":{"edit_url":"https:\/\/simonneelle.de\/wp-admin\/user-edit.php?user_id=45","title":"devin45"}}
{"row":45,"message":"User imported successfully.","status":true,"status_msg":"Success","post_id":46,"post_link":{"edit_url":"https:\/\/simonneelle.de\/wp-admin\/user-edit.php?user_id=46","title":"dianaerdei9"}}
{"row":46,"message":"User imported successfully.","status":true,"status_msg":"Success","post_id":47,"post_link":{"edit_url":"https:\/\/simonneelle.de\/wp-admin\/user-edit.php?user_id=47","title":"douglas67"}}
{"row":47,"message":"User imported successfully.","status":true,"status_msg":"Success","post_id":48,"post_link":{"edit_url":"https:\/\/simonneelle.de\/wp-admin\/user-edit.php?user_id=48","title":"dragos.coroset"}}
{"row":48,"message":"User imported successfully.","status":true,"status_msg":"Success","post_id":49,"post_link":{"edit_url":"https:\/\/simonneelle.de\/wp-admin\/user-edit.php?user_id=49","title":"dustinmeyer"}}
{"row":49,"message":"User imported successfully.","status":true,"status_msg":"Success","post_id":50,"post_link":{"edit_url":"https:\/\/simonneelle.de\/wp-admin\/user-edit.php?user_id=50","title":"ehernandez"}}
{"row":50,"message":"User imported successfully.","status":true,"status_msg":"Success","post_id":51,"post_link":{"edit_url":"https:\/\/simonneelle.de\/wp-admin\/user-edit.php?user_id=51","title":"ellisdonald"}}
{"row":51,"message":"User imported successfully.","status":true,"status_msg":"Success","post_id":52,"post_link":{"edit_url":"https:\/\/simonneelle.de\/wp-admin\/user-edit.php?user_id=52","title":"emily.robiinson3570"}}
{"row":52,"message":"User imported successfully.","status":true,"status_msg":"Success","post_id":53,"post_link":{"edit_url":"https:\/\/simonneelle.de\/wp-admin\/user-edit.php?user_id=53","title":"erebeze264"}}
{"row":53,"message":"User imported successfully.","status":true,"status_msg":"Success","post_id":54,"post_link":{"edit_url":"https:\/\/simonneelle.de\/wp-admin\/user-edit.php?user_id=54","title":"eric33"}}
{"row":54,"message":"User imported successfully.","status":true,"status_msg":"Success","post_id":55,"post_link":{"edit_url":"https:\/\/simonneelle.de\/wp-admin\/user-edit.php?user_id=55","title":"ericawhite"}}
{"row":55,"message":"User imported successfully.","status":true,"status_msg":"Success","post_id":56,"post_link":{"edit_url":"https:\/\/simonneelle.de\/wp-admin\/user-edit.php?user_id=56","title":"erikapalmer"}}
{"row":56,"message":"User imported successfully.","status":true,"status_msg":"Success","post_id":57,"post_link":{"edit_url":"https:\/\/simonneelle.de\/wp-admin\/user-edit.php?user_id=57","title":"erin39"}}
{"row":57,"message":"User imported successfully.","status":true,"status_msg":"Success","post_id":58,"post_link":{"edit_url":"https:\/\/simonneelle.de\/wp-admin\/user-edit.php?user_id=58","title":"esther.mills6482"}}
{"row":58,"message":"User imported successfully.","status":true,"status_msg":"Success","post_id":59,"post_link":{"edit_url":"https:\/\/simonneelle.de\/wp-admin\/user-edit.php?user_id=59","title":"evanskristin"}}
{"row":59,"message":"User imported successfully.","status":true,"status_msg":"Success","post_id":60,"post_link":{"edit_url":"https:\/\/simonneelle.de\/wp-admin\/user-edit.php?user_id=60","title":"floresmargaret"}}
{"row":60,"message":"User imported successfully.","status":true,"status_msg":"Success","post_id":61,"post_link":{"edit_url":"https:\/\/simonneelle.de\/wp-admin\/user-edit.php?user_id=61","title":"fsmith"}}
{"row":61,"message":"User imported successfully.","status":true,"status_msg":"Success","post_id":62,"post_link":{"edit_url":"https:\/\/simonneelle.de\/wp-admin\/user-edit.php?user_id=62","title":"fwarner"}}
{"row":62,"message":"User imported successfully.","status":true,"status_msg":"Success","post_id":63,"post_link":{"edit_url":"https:\/\/simonneelle.de\/wp-admin\/user-edit.php?user_id=63","title":"Gabriela Niculescu"}}
{"row":63,"message":"User imported successfully.","status":true,"status_msg":"Success","post_id":64,"post_link":{"edit_url":"https:\/\/simonneelle.de\/wp-admin\/user-edit.php?user_id=64","title":"gburnett"}}
{"row":64,"message":"User imported successfully.","status":true,"status_msg":"Success","post_id":65,"post_link":{"edit_url":"https:\/\/simonneelle.de\/wp-admin\/user-edit.php?user_id=65","title":"gdaniellucian"}}
{"row":65,"message":"User imported successfully.","status":true,"status_msg":"Success","post_id":66,"post_link":{"edit_url":"https:\/\/simonneelle.de\/wp-admin\/user-edit.php?user_id=66","title":"gehuhap195"}}
{"row":66,"message":"User imported successfully.","status":true,"status_msg":"Success","post_id":67,"post_link":{"edit_url":"https:\/\/simonneelle.de\/wp-admin\/user-edit.php?user_id=67","title":"gina.mihailescu"}}
{"row":67,"message":"User imported successfully.","status":true,"status_msg":"Success","post_id":68,"post_link":{"edit_url":"https:\/\/simonneelle.de\/wp-admin\/user-edit.php?user_id=68","title":"hfranklin"}}
{"row":68,"message":"User imported successfully.","status":true,"status_msg":"Success","post_id":69,"post_link":{"edit_url":"https:\/\/simonneelle.de\/wp-admin\/user-edit.php?user_id=69","title":"howardjennifer"}}
{"row":69,"message":"User imported successfully.","status":true,"status_msg":"Success","post_id":70,"post_link":{"edit_url":"https:\/\/simonneelle.de\/wp-admin\/user-edit.php?user_id=70","title":"hwarren"}}
{"row":70,"message":"User imported successfully.","status":true,"status_msg":"Success","post_id":71,"post_link":{"edit_url":"https:\/\/simonneelle.de\/wp-admin\/user-edit.php?user_id=71","title":"iedwards"}}
{"row":71,"message":"User imported successfully.","status":true,"status_msg":"Success","post_id":72,"post_link":{"edit_url":"https:\/\/simonneelle.de\/wp-admin\/user-edit.php?user_id=72","title":"imaldonado"}}
{"row":72,"message":"User imported successfully.","status":true,"status_msg":"Success","post_id":73,"post_link":{"edit_url":"https:\/\/simonneelle.de\/wp-admin\/user-edit.php?user_id=73","title":"james99"}}
{"row":73,"message":"User imported successfully.","status":true,"status_msg":"Success","post_id":74,"post_link":{"edit_url":"https:\/\/simonneelle.de\/wp-admin\/user-edit.php?user_id=74","title":"jennifeer_james"}}
{"row":74,"message":"User imported successfully.","status":true,"status_msg":"Success","post_id":75,"post_link":{"edit_url":"https:\/\/simonneelle.de\/wp-admin\/user-edit.php?user_id=75","title":"jessicanelson"}}
{"row":75,"message":"User imported successfully.","status":true,"status_msg":"Success","post_id":76,"post_link":{"edit_url":"https:\/\/simonneelle.de\/wp-admin\/user-edit.php?user_id=76","title":"jichicic"}}
{"row":76,"message":"User imported successfully.","status":true,"status_msg":"Success","post_id":77,"post_link":{"edit_url":"https:\/\/simonneelle.de\/wp-admin\/user-edit.php?user_id=77","title":"johnharrison808"}}
{"row":77,"message":"User imported successfully.","status":true,"status_msg":"Success","post_id":78,"post_link":{"edit_url":"https:\/\/simonneelle.de\/wp-admin\/user-edit.php?user_id=78","title":"josephwoodard"}}
{"row":78,"message":"User imported successfully.","status":true,"status_msg":"Success","post_id":79,"post_link":{"edit_url":"https:\/\/simonneelle.de\/wp-admin\/user-edit.php?user_id=79","title":"juviwegiko67"}}
{"row":79,"message":"User imported successfully.","status":true,"status_msg":"Success","post_id":80,"post_link":{"edit_url":"https:\/\/simonneelle.de\/wp-admin\/user-edit.php?user_id=80","title":"karen.738heernandez1791"}}
{"row":80,"message":"User imported successfully.","status":true,"status_msg":"Success","post_id":81,"post_link":{"edit_url":"https:\/\/simonneelle.de\/wp-admin\/user-edit.php?user_id=81","title":"karlbecker"}}
{"row":81,"message":"User imported successfully.","status":true,"status_msg":"Success","post_id":82,"post_link":{"edit_url":"https:\/\/simonneelle.de\/wp-admin\/user-edit.php?user_id=82","title":"kellerjermaine"}}
{"row":82,"message":"User imported successfully.","status":true,"status_msg":"Success","post_id":83,"post_link":{"edit_url":"https:\/\/simonneelle.de\/wp-admin\/user-edit.php?user_id=83","title":"larrywilliams"}}
{"row":83,"message":"User imported successfully.","status":true,"status_msg":"Success","post_id":84,"post_link":{"edit_url":"https:\/\/simonneelle.de\/wp-admin\/user-edit.php?user_id=84","title":"larsengeorge"}}
{"row":84,"message":"User imported successfully.","status":true,"status_msg":"Success","post_id":85,"post_link":{"edit_url":"https:\/\/simonneelle.de\/wp-admin\/user-edit.php?user_id=85","title":"larsonchristopher"}}
{"row":85,"message":"User imported successfully.","status":true,"status_msg":"Success","post_id":86,"post_link":{"edit_url":"https:\/\/simonneelle.de\/wp-admin\/user-edit.php?user_id=86","title":"lentzi74"}}
{"row":86,"message":"User imported successfully.","status":true,"status_msg":"Success","post_id":87,"post_link":{"edit_url":"https:\/\/simonneelle.de\/wp-admin\/user-edit.php?user_id=87","title":"lmartinez"}}
{"row":87,"message":"User imported successfully.","status":true,"status_msg":"Success","post_id":88,"post_link":{"edit_url":"https:\/\/simonneelle.de\/wp-admin\/user-edit.php?user_id=88","title":"lpeters"}}
{"row":88,"message":"User imported successfully.","status":true,"status_msg":"Success","post_id":89,"post_link":{"edit_url":"https:\/\/simonneelle.de\/wp-admin\/user-edit.php?user_id=89","title":"lvasquez"}}
{"row":89,"message":"User imported successfully.","status":true,"status_msg":"Success","post_id":90,"post_link":{"edit_url":"https:\/\/simonneelle.de\/wp-admin\/user-edit.php?user_id=90","title":"lwarren"}}
{"row":90,"message":"User imported successfully.","status":true,"status_msg":"Success","post_id":91,"post_link":{"edit_url":"https:\/\/simonneelle.de\/wp-admin\/user-edit.php?user_id=91","title":"marcesparza"}}
{"row":91,"message":"User imported successfully.","status":true,"status_msg":"Success","post_id":92,"post_link":{"edit_url":"https:\/\/simonneelle.de\/wp-admin\/user-edit.php?user_id=92","title":"mariowright808"}}
{"row":92,"message":"User imported successfully.","status":true,"status_msg":"Success","post_id":93,"post_link":{"edit_url":"https:\/\/simonneelle.de\/wp-admin\/user-edit.php?user_id=93","title":"mark73"}}
{"row":93,"message":"User imported successfully.","status":true,"status_msg":"Success","post_id":94,"post_link":{"edit_url":"https:\/\/simonneelle.de\/wp-admin\/user-edit.php?user_id=94","title":"marshallcarla"}}
{"row":94,"message":"User imported successfully.","status":true,"status_msg":"Success","post_id":95,"post_link":{"edit_url":"https:\/\/simonneelle.de\/wp-admin\/user-edit.php?user_id=95","title":"maryalbu79"}}
{"row":95,"message":"User imported successfully.","status":true,"status_msg":"Success","post_id":96,"post_link":{"edit_url":"https:\/\/simonneelle.de\/wp-admin\/user-edit.php?user_id=96","title":"maryjohnson"}}
{"row":96,"message":"User imported successfully.","status":true,"status_msg":"Success","post_id":97,"post_link":{"edit_url":"https:\/\/simonneelle.de\/wp-admin\/user-edit.php?user_id=97","title":"matthewcombs"}}
{"row":97,"message":"User imported successfully.","status":true,"status_msg":"Success","post_id":98,"post_link":{"edit_url":"https:\/\/simonneelle.de\/wp-admin\/user-edit.php?user_id=98","title":"melissa77"}}
{"row":98,"message":"User imported successfully.","status":true,"status_msg":"Success","post_id":99,"post_link":{"edit_url":"https:\/\/simonneelle.de\/wp-admin\/user-edit.php?user_id=99","title":"michael.morgaan6066"}}
{"row":99,"message":"User imported successfully.","status":true,"status_msg":"Success","post_id":100,"post_link":{"edit_url":"https:\/\/simonneelle.de\/wp-admin\/user-edit.php?user_id=100","title":"michael05"}}
{"row":100,"message":"User imported successfully.","status":true,"status_msg":"Success","post_id":101,"post_link":{"edit_url":"https:\/\/simonneelle.de\/wp-admin\/user-edit.php?user_id=101","title":"michealgarcia"}}
{"row":101,"message":"User imported successfully.","status":true,"status_msg":"Success","post_id":102,"post_link":{"edit_url":"https:\/\/simonneelle.de\/wp-admin\/user-edit.php?user_id=102","title":"michele.561newmaan6534"}}
{"row":102,"message":"User imported successfully.","status":true,"status_msg":"Success","post_id":103,"post_link":{"edit_url":"https:\/\/simonneelle.de\/wp-admin\/user-edit.php?user_id=103","title":"mikaylakoch"}}
{"row":103,"message":"User imported successfully.","status":true,"status_msg":"Success","post_id":104,"post_link":{"edit_url":"https:\/\/simonneelle.de\/wp-admin\/user-edit.php?user_id=104","title":"mildred.burke8210"}}
{"row":104,"message":"User imported successfully.","status":true,"status_msg":"Success","post_id":105,"post_link":{"edit_url":"https:\/\/simonneelle.de\/wp-admin\/user-edit.php?user_id=105","title":"mirandarichard"}}
{"row":105,"message":"User imported successfully.","status":true,"status_msg":"Success","post_id":106,"post_link":{"edit_url":"https:\/\/simonneelle.de\/wp-admin\/user-edit.php?user_id=106","title":"mjordan"}}
{"row":106,"message":"User imported successfully.","status":true,"status_msg":"Success","post_id":107,"post_link":{"edit_url":"https:\/\/simonneelle.de\/wp-admin\/user-edit.php?user_id=107","title":"nitamv2021"}}
{"row":107,"message":"User imported successfully.","status":true,"status_msg":"Success","post_id":108,"post_link":{"edit_url":"https:\/\/simonneelle.de\/wp-admin\/user-edit.php?user_id=108","title":"nita_michailvitorio"}}
{"row":108,"message":"User imported successfully.","status":true,"status_msg":"Success","post_id":109,"post_link":{"edit_url":"https:\/\/simonneelle.de\/wp-admin\/user-edit.php?user_id=109","title":"nita_vitorio2001"}}
{"row":109,"message":"User imported successfully.","status":true,"status_msg":"Success","post_id":110,"post_link":{"edit_url":"https:\/\/simonneelle.de\/wp-admin\/user-edit.php?user_id=110","title":"oabbott"}}
{"row":110,"message":"User imported successfully.","status":true,"status_msg":"Success","post_id":111,"post_link":{"edit_url":"https:\/\/simonneelle.de\/wp-admin\/user-edit.php?user_id=111","title":"omiller"}}
{"row":111,"message":"User imported successfully.","status":true,"status_msg":"Success","post_id":112,"post_link":{"edit_url":"https:\/\/simonneelle.de\/wp-admin\/user-edit.php?user_id=112","title":"osnow"}}
{"row":112,"message":"User imported successfully.","status":true,"status_msg":"Success","post_id":113,"post_link":{"edit_url":"https:\/\/simonneelle.de\/wp-admin\/user-edit.php?user_id=113","title":"pamela48"}}
{"row":113,"message":"User imported successfully.","status":true,"status_msg":"Success","post_id":114,"post_link":{"edit_url":"https:\/\/simonneelle.de\/wp-admin\/user-edit.php?user_id=114","title":"patricia_343george"}}
{"row":114,"message":"User imported successfully.","status":true,"status_msg":"Success","post_id":115,"post_link":{"edit_url":"https:\/\/simonneelle.de\/wp-admin\/user-edit.php?user_id=115","title":"patrickhammond"}}
{"row":115,"message":"User imported successfully.","status":true,"status_msg":"Success","post_id":116,"post_link":{"edit_url":"https:\/\/simonneelle.de\/wp-admin\/user-edit.php?user_id=116","title":"paulhobbs"}}
{"row":116,"message":"User imported successfully.","status":true,"status_msg":"Success","post_id":117,"post_link":{"edit_url":"https:\/\/simonneelle.de\/wp-admin\/user-edit.php?user_id=117","title":"ppratt"}}
{"row":117,"message":"User imported successfully.","status":true,"status_msg":"Success","post_id":118,"post_link":{"edit_url":"https:\/\/simonneelle.de\/wp-admin\/user-edit.php?user_id=118","title":"promero"}}
{"row":118,"message":"User imported successfully.","status":true,"status_msg":"Success","post_id":119,"post_link":{"edit_url":"https:\/\/simonneelle.de\/wp-admin\/user-edit.php?user_id=119","title":"pwood"}}
{"row":119,"message":"User imported successfully.","status":true,"status_msg":"Success","post_id":120,"post_link":{"edit_url":"https:\/\/simonneelle.de\/wp-admin\/user-edit.php?user_id=120","title":"qriley"}}
{"row":120,"message":"User imported successfully.","status":true,"status_msg":"Success","post_id":121,"post_link":{"edit_url":"https:\/\/simonneelle.de\/wp-admin\/user-edit.php?user_id=121","title":"rayjeffrey"}}
{"row":121,"message":"User imported successfully.","status":true,"status_msg":"Success","post_id":122,"post_link":{"edit_url":"https:\/\/simonneelle.de\/wp-admin\/user-edit.php?user_id=122","title":"reidcrystal"}}
{"row":122,"message":"User imported successfully.","status":true,"status_msg":"Success","post_id":123,"post_link":{"edit_url":"https:\/\/simonneelle.de\/wp-admin\/user-edit.php?user_id=123","title":"richardturner808"}}
{"row":123,"message":"User imported successfully.","status":true,"status_msg":"Success","post_id":124,"post_link":{"edit_url":"https:\/\/simonneelle.de\/wp-admin\/user-edit.php?user_id=124","title":"robertsrobert"}}
{"row":124,"message":"User imported successfully.","status":true,"status_msg":"Success","post_id":125,"post_link":{"edit_url":"https:\/\/simonneelle.de\/wp-admin\/user-edit.php?user_id=125","title":"rortiz"}}
{"row":125,"message":"User imported successfully.","status":true,"status_msg":"Success","post_id":126,"post_link":{"edit_url":"https:\/\/simonneelle.de\/wp-admin\/user-edit.php?user_id=126","title":"ruben09"}}
{"row":126,"message":"User imported successfully.","status":true,"status_msg":"Success","post_id":127,"post_link":{"edit_url":"https:\/\/simonneelle.de\/wp-admin\/user-edit.php?user_id=127","title":"rubendillon"}}
{"row":127,"message":"User imported successfully.","status":true,"status_msg":"Success","post_id":128,"post_link":{"edit_url":"https:\/\/simonneelle.de\/wp-admin\/user-edit.php?user_id=128","title":"samanthacraig"}}
{"row":128,"message":"User imported successfully.","status":true,"status_msg":"Success","post_id":129,"post_link":{"edit_url":"https:\/\/simonneelle.de\/wp-admin\/user-edit.php?user_id=129","title":"sanfordbrittany"}}
{"row":129,"message":"User imported successfully.","status":true,"status_msg":"Success","post_id":130,"post_link":{"edit_url":"https:\/\/simonneelle.de\/wp-admin\/user-edit.php?user_id=130","title":"sarah48"}}
{"row":130,"message":"User imported successfully.","status":true,"status_msg":"Success","post_id":131,"post_link":{"edit_url":"https:\/\/simonneelle.de\/wp-admin\/user-edit.php?user_id=131","title":"savannahcook808"}}
{"row":131,"message":"User imported successfully.","status":true,"status_msg":"Success","post_id":132,"post_link":{"edit_url":"https:\/\/simonneelle.de\/wp-admin\/user-edit.php?user_id=132","title":"savannahespinoza"}}
{"row":132,"message":"User imported successfully.","status":true,"status_msg":"Success","post_id":133,"post_link":{"edit_url":"https:\/\/simonneelle.de\/wp-admin\/user-edit.php?user_id=133","title":"schwartzjames"}}
{"row":133,"message":"User imported successfully.","status":true,"status_msg":"Success","post_id":134,"post_link":{"edit_url":"https:\/\/simonneelle.de\/wp-admin\/user-edit.php?user_id=134","title":"shawnhawkins"}}
{"row":134,"message":"User imported successfully.","status":true,"status_msg":"Success","post_id":135,"post_link":{"edit_url":"https:\/\/simonneelle.de\/wp-admin\/user-edit.php?user_id=135","title":"sherrymiller808"}}
{"row":135,"message":"User imported successfully.","status":true,"status_msg":"Success","post_id":136,"post_link":{"edit_url":"https:\/\/simonneelle.de\/wp-admin\/user-edit.php?user_id=136","title":"simonneelle"}}
{"row":136,"message":"User imported successfully.","status":true,"status_msg":"Success","post_id":137,"post_link":{"edit_url":"https:\/\/simonneelle.de\/wp-admin\/user-edit.php?user_id=137","title":"smithmichael"}}
{"row":137,"message":"User imported successfully.","status":true,"status_msg":"Success","post_id":138,"post_link":{"edit_url":"https:\/\/simonneelle.de\/wp-admin\/user-edit.php?user_id=138","title":"spencerheather"}}
{"row":138,"message":"User imported successfully.","status":true,"status_msg":"Success","post_id":139,"post_link":{"edit_url":"https:\/\/simonneelle.de\/wp-admin\/user-edit.php?user_id=139","title":"speters"}}
{"row":139,"message":"User imported successfully.","status":true,"status_msg":"Success","post_id":140,"post_link":{"edit_url":"https:\/\/simonneelle.de\/wp-admin\/user-edit.php?user_id=140","title":"staffordkristin"}}
{"row":140,"message":"User imported successfully.","status":true,"status_msg":"Success","post_id":141,"post_link":{"edit_url":"https:\/\/simonneelle.de\/wp-admin\/user-edit.php?user_id=141","title":"stephanie.985greene"}}
{"row":141,"message":"User imported successfully.","status":true,"status_msg":"Success","post_id":142,"post_link":{"edit_url":"https:\/\/simonneelle.de\/wp-admin\/user-edit.php?user_id=142","title":"stephaniejohnson"}}
{"row":142,"message":"User imported successfully.","status":true,"status_msg":"Success","post_id":143,"post_link":{"edit_url":"https:\/\/simonneelle.de\/wp-admin\/user-edit.php?user_id=143","title":"susan9051"}}
{"row":143,"message":"User imported successfully.","status":true,"status_msg":"Success","post_id":144,"post_link":{"edit_url":"https:\/\/simonneelle.de\/wp-admin\/user-edit.php?user_id=144","title":"taranulvesel"}}
{"row":144,"message":"User imported successfully.","status":true,"status_msg":"Success","post_id":145,"post_link":{"edit_url":"https:\/\/simonneelle.de\/wp-admin\/user-edit.php?user_id=145","title":"tclark"}}
{"row":145,"message":"User imported successfully.","status":true,"status_msg":"Success","post_id":146,"post_link":{"edit_url":"https:\/\/simonneelle.de\/wp-admin\/user-edit.php?user_id=146","title":"thomascarrie"}}
{"row":146,"message":"User imported successfully.","status":true,"status_msg":"Success","post_id":147,"post_link":{"edit_url":"https:\/\/simonneelle.de\/wp-admin\/user-edit.php?user_id=147","title":"thompsonchristina"}}
{"row":147,"message":"User imported successfully.","status":true,"status_msg":"Success","post_id":148,"post_link":{"edit_url":"https:\/\/simonneelle.de\/wp-admin\/user-edit.php?user_id=148","title":"tinaa_riddle"}}
{"row":148,"message":"User imported successfully.","status":true,"status_msg":"Success","post_id":149,"post_link":{"edit_url":"https:\/\/simonneelle.de\/wp-admin\/user-edit.php?user_id=149","title":"tiyiliyor43"}}
{"row":149,"message":"User imported successfully.","status":true,"status_msg":"Success","post_id":150,"post_link":{"edit_url":"https:\/\/simonneelle.de\/wp-admin\/user-edit.php?user_id=150","title":"toddguerrero"}}
{"row":150,"message":"User imported successfully.","status":true,"status_msg":"Success","post_id":151,"post_link":{"edit_url":"https:\/\/simonneelle.de\/wp-admin\/user-edit.php?user_id=151","title":"tpeterson"}}
{"row":151,"message":"User imported successfully.","status":true,"status_msg":"Success","post_id":152,"post_link":{"edit_url":"https:\/\/simonneelle.de\/wp-admin\/user-edit.php?user_id=152","title":"tramirez"}}
{"row":152,"message":"User imported successfully.","status":true,"status_msg":"Success","post_id":153,"post_link":{"edit_url":"https:\/\/simonneelle.de\/wp-admin\/user-edit.php?user_id=153","title":"travislewis"}}
{"row":153,"message":"User imported successfully.","status":true,"status_msg":"Success","post_id":154,"post_link":{"edit_url":"https:\/\/simonneelle.de\/wp-admin\/user-edit.php?user_id=154","title":"urobles"}}
{"row":154,"message":"User imported successfully.","status":true,"status_msg":"Success","post_id":155,"post_link":{"edit_url":"https:\/\/simonneelle.de\/wp-admin\/user-edit.php?user_id=155","title":"vjohnston"}}
{"row":155,"message":"User imported successfully.","status":true,"status_msg":"Success","post_id":156,"post_link":{"edit_url":"https:\/\/simonneelle.de\/wp-admin\/user-edit.php?user_id=156","title":"walkermichael"}}
{"row":156,"message":"User imported successfully.","status":true,"status_msg":"Success","post_id":157,"post_link":{"edit_url":"https:\/\/simonneelle.de\/wp-admin\/user-edit.php?user_id=157","title":"warnold"}}
{"row":157,"message":"User imported successfully.","status":true,"status_msg":"Success","post_id":158,"post_link":{"edit_url":"https:\/\/simonneelle.de\/wp-admin\/user-edit.php?user_id=158","title":"westerin"}}
{"row":158,"message":"User imported successfully.","status":true,"status_msg":"Success","post_id":159,"post_link":{"edit_url":"https:\/\/simonneelle.de\/wp-admin\/user-edit.php?user_id=159","title":"whitethomas"}}
{"row":159,"message":"User imported successfully.","status":true,"status_msg":"Success","post_id":160,"post_link":{"edit_url":"https:\/\/simonneelle.de\/wp-admin\/user-edit.php?user_id=160","title":"wmatthews"}}
{"row":160,"message":"User imported successfully.","status":true,"status_msg":"Success","post_id":161,"post_link":{"edit_url":"https:\/\/simonneelle.de\/wp-admin\/user-edit.php?user_id=161","title":"wonojiqivo98"}}
{"row":161,"message":"User imported successfully.","status":true,"status_msg":"Success","post_id":162,"post_link":{"edit_url":"https:\/\/simonneelle.de\/wp-admin\/user-edit.php?user_id=162","title":"yaaaa9657"}}
{"row":162,"message":"User imported successfully.","status":true,"status_msg":"Success","post_id":163,"post_link":{"edit_url":"https:\/\/simonneelle.de\/wp-admin\/user-edit.php?user_id=163","title":"ybarrett"}}
{"row":163,"message":"User imported successfully.","status":true,"status_msg":"Success","post_id":164,"post_link":{"edit_url":"https:\/\/simonneelle.de\/wp-admin\/user-edit.php?user_id=164","title":"ycalderon"}}
{"row":164,"message":"User imported successfully.","status":true,"status_msg":"Success","post_id":165,"post_link":{"edit_url":"https:\/\/simonneelle.de\/wp-admin\/user-edit.php?user_id=165","title":"yturner"}}
{"row":165,"message":"User imported successfully.","status":true,"status_msg":"Success","post_id":166,"post_link":{"edit_url":"https:\/\/simonneelle.de\/wp-admin\/user-edit.php?user_id=166","title":"yvette70"}}
{"row":166,"message":"User imported successfully.","status":true,"status_msg":"Success","post_id":167,"post_link":{"edit_url":"https:\/\/simonneelle.de\/wp-admin\/user-edit.php?user_id=167","title":"yvonnesexton"}}
{"row":167,"message":"User imported successfully.","status":true,"status_msg":"Success","post_id":168,"post_link":{"edit_url":"https:\/\/simonneelle.de\/wp-admin\/user-edit.php?user_id=168","title":"zchambers"}}
