02-13-2026 @ 14:28:45 - ---[ New import started at 2026-02-13 13:28:45 ] PHP Memory: 128 MB, WP Memory: 40 MB
02-13-2026 @ 14:28:45 - Preparing for import.
02-13-2026 @ 14:28:45 - Row :1 - Parsing item.
02-13-2026 @ 14:28:45 - Row :1 - Processing item.
02-13-2026 @ 14:28:46 - Row :1 - Category imported successfully.
02-13-2026 @ 14:28:46 - Row :2 - Parsing item.
02-13-2026 @ 14:28:46 - Row :2 - Processing item.
02-13-2026 @ 14:28:46 - Row :2 - Prosessing failed. Reason: > Category skipped - already exist
02-13-2026 @ 14:28:46 - Row :3 - Parsing item.
02-13-2026 @ 14:28:46 - Row :3 - Processing item.
02-13-2026 @ 14:28:46 - Row :3 - Category imported successfully.
02-13-2026 @ 14:28:46 - Row :4 - Parsing item.
02-13-2026 @ 14:28:46 - Row :4 - Processing item.
02-13-2026 @ 14:28:46 - Row :4 - Prosessing failed. Reason: > Category skipped - already exist
02-13-2026 @ 14:28:46 - Row :5 - Parsing item.
02-13-2026 @ 14:28:46 - Row :5 - Processing item.
02-13-2026 @ 14:28:46 - Row :5 - Prosessing failed. Reason: > Category skipped - already exist
02-13-2026 @ 14:28:46 - Row :6 - Parsing item.
02-13-2026 @ 14:28:46 - Row :6 - Processing item.
02-13-2026 @ 14:28:46 - Row :6 - Prosessing failed. Reason: > Category skipped - already exist
02-13-2026 @ 14:28:46 - Row :7 - Parsing item.
02-13-2026 @ 14:28:46 - Row :7 - Processing item.
02-13-2026 @ 14:28:46 - Row :7 - Prosessing failed. Reason: > Category skipped - already exist
02-13-2026 @ 14:28:46 - Row :8 - Parsing item.
02-13-2026 @ 14:28:46 - Row :8 - Processing item.
02-13-2026 @ 14:28:46 - Row :8 - Prosessing failed. Reason: > Category skipped - already exist
02-13-2026 @ 14:28:46 - Row :9 - Parsing item.
02-13-2026 @ 14:28:46 - Row :9 - Processing item.
02-13-2026 @ 14:28:46 - Row :9 - Prosessing failed. Reason: > Category skipped - already exist
02-13-2026 @ 14:28:46 - Row :10 - Parsing item.
02-13-2026 @ 14:28:46 - Row :10 - Processing item.
02-13-2026 @ 14:28:46 - Row :10 - Prosessing failed. Reason: > Category skipped - already exist
02-13-2026 @ 14:28:46 - Preparing for import.
02-13-2026 @ 14:28:46 - Row :11 - Parsing item.
02-13-2026 @ 14:28:46 - Row :11 - Processing item.
02-13-2026 @ 14:28:46 - Row :11 - Prosessing failed. Reason: > Category skipped - already exist
02-13-2026 @ 14:28:46 - Row :12 - Parsing item.
02-13-2026 @ 14:28:46 - Row :12 - Processing item.
02-13-2026 @ 14:28:46 - Row :12 - Prosessing failed. Reason: > Category skipped - already exist
02-13-2026 @ 14:28:46 - Row :13 - Parsing item.
02-13-2026 @ 14:28:46 - Row :13 - Processing item.
02-13-2026 @ 14:28:46 - Row :13 - Category imported successfully.
02-13-2026 @ 14:28:46 - Row :14 - Parsing item.
02-13-2026 @ 14:28:46 - Row :14 - Processing item.
02-13-2026 @ 14:28:46 - Row :14 - Prosessing failed. Reason: > Category skipped - already exist
02-13-2026 @ 14:28:46 - Row :15 - Parsing item.
02-13-2026 @ 14:28:46 - Row :15 - Processing item.
02-13-2026 @ 14:28:46 - Row :15 - Category imported successfully.
02-13-2026 @ 14:28:46 - Row :16 - Parsing item.
02-13-2026 @ 14:28:46 - Row :16 - Processing item.
02-13-2026 @ 14:28:46 - Row :16 - Prosessing failed. Reason: > Category skipped - already exist
02-13-2026 @ 14:28:46 - Row :17 - Parsing item.
02-13-2026 @ 14:28:46 - Row :17 - Processing item.
02-13-2026 @ 14:28:46 - Row :17 - Prosessing failed. Reason: > Category skipped - already exist
02-13-2026 @ 14:28:46 - ---[ Import ended at 2026-02-13 13:28:46]---
