02-11-2026 @ 16:58:37 - ---[ New import started at 2026-02-11 16:58:37 ] PHP Memory: 128 MB, WP Memory: 40 MB
02-11-2026 @ 16:58:37 - Preparing for import.
02-11-2026 @ 16:58:37 - Row :1 - Parsing item.
02-11-2026 @ 16:58:37 - Importing as new order ID:60448
02-11-2026 @ 16:58:37 - Row :1 - Processing item.
02-11-2026 @ 16:58:37 - Found order object. ID:60448
02-11-2026 @ 16:58:37 - Row :1 - Order imported successfully.
02-11-2026 @ 16:58:37 - Row :2 - Parsing item.
02-11-2026 @ 16:58:37 - Importing as new order ID:60219
02-11-2026 @ 16:58:37 - Row :2 - Processing item.
02-11-2026 @ 16:58:37 - Found order object. ID:60219
02-11-2026 @ 16:58:37 - Row :2 - Order imported successfully.
02-11-2026 @ 16:58:37 - Row :3 - Parsing item.
02-11-2026 @ 16:58:37 - Importing as new order ID:58147
02-11-2026 @ 16:58:37 - Row :3 - Processing item.
02-11-2026 @ 16:58:37 - Found order object. ID:58147
02-11-2026 @ 16:58:38 - Row :3 - Order imported successfully.
02-11-2026 @ 16:58:38 - Row :4 - Parsing item.
02-11-2026 @ 16:58:38 - Importing as new order ID:55997
02-11-2026 @ 16:58:38 - Row :4 - Processing item.
02-11-2026 @ 16:58:38 - Found order object. ID:55997
02-11-2026 @ 16:58:38 - Row :4 - Order imported successfully.
02-11-2026 @ 16:58:38 - Row :5 - Parsing item.
02-11-2026 @ 16:58:38 - Importing as new order ID:55261
02-11-2026 @ 16:58:38 - Row :5 - Processing item.
02-11-2026 @ 16:58:38 - Found order object. ID:55261
02-11-2026 @ 16:58:38 - Row :5 - Order imported successfully.
02-11-2026 @ 16:58:38 - Row :6 - Parsing item.
02-11-2026 @ 16:58:38 - Importing as new order ID:55030
02-11-2026 @ 16:58:38 - Row :6 - Processing item.
02-11-2026 @ 16:58:39 - Found order object. ID:55030
02-11-2026 @ 16:58:39 - Row :6 - Order imported successfully.
02-11-2026 @ 16:58:39 - Row :7 - Parsing item.
02-11-2026 @ 16:58:39 - Importing as new order ID:54830
02-11-2026 @ 16:58:39 - Row :7 - Processing item.
02-11-2026 @ 16:58:39 - Found order object. ID:54830
02-11-2026 @ 16:58:39 - Row :7 - Order imported successfully.
02-11-2026 @ 16:58:39 - Row :8 - Parsing item.
02-11-2026 @ 16:58:39 - Importing as new order ID:37603
02-11-2026 @ 16:58:39 - Row :8 - Processing item.
02-11-2026 @ 16:58:39 - Found order object. ID:37603
02-11-2026 @ 16:58:40 - Row :8 - Order imported successfully.
02-11-2026 @ 16:58:40 - Row :9 - Parsing item.
02-11-2026 @ 16:58:40 - Importing as new order ID:37598
02-11-2026 @ 16:58:40 - Row :9 - Processing item.
02-11-2026 @ 16:58:40 - Found order object. ID:37598
02-11-2026 @ 16:58:40 - Row :9 - Order imported successfully.
02-11-2026 @ 16:58:40 - Row :10 - Parsing item.
02-11-2026 @ 16:58:40 - Importing as new order ID:26305
02-11-2026 @ 16:58:40 - Row :10 - Processing item.
02-11-2026 @ 16:58:40 - Found order object. ID:26305
02-11-2026 @ 16:58:40 - Row :10 - Order imported successfully.
02-11-2026 @ 16:58:41 - Preparing for import.
02-11-2026 @ 16:58:41 - Row :11 - Parsing item.
02-11-2026 @ 16:58:41 - Importing as new order ID:21929
02-11-2026 @ 16:58:41 - Row :11 - Processing item.
02-11-2026 @ 16:58:41 - Found order object. ID:21929
02-11-2026 @ 16:58:41 - Row :11 - Order imported successfully.
02-11-2026 @ 16:58:41 - ---[ Import ended at 2026-02-11 16:58:41]---
