02-11-2026 @ 16:59:11 - ---[ New import started at 2026-02-11 16:59:11 ] PHP Memory: 128 MB, WP Memory: 40 MB
02-11-2026 @ 16:59:11 - Preparing for import.
02-11-2026 @ 16:59:11 - Row :1 - Parsing item.
02-11-2026 @ 16:59:11 - Importing as new coupon ID:52650
02-11-2026 @ 16:59:11 - Row :1 - Processing item.
02-11-2026 @ 16:59:11 - Found coupon object. ID:52650
02-11-2026 @ 16:59:11 - Row :1 - Coupon imported successfully.
02-11-2026 @ 16:59:11 - Row :2 - Parsing item.
02-11-2026 @ 16:59:11 - Importing as new coupon ID:52932
02-11-2026 @ 16:59:11 - Row :2 - Processing item.
02-11-2026 @ 16:59:11 - Found coupon object. ID:52932
02-11-2026 @ 16:59:12 - Row :2 - Coupon imported successfully.
02-11-2026 @ 16:59:12 - Row :3 - Parsing item.
02-11-2026 @ 16:59:12 - Importing as new coupon ID:54461
02-11-2026 @ 16:59:12 - Row :3 - Processing item.
02-11-2026 @ 16:59:12 - Found coupon object. ID:54461
02-11-2026 @ 16:59:12 - Row :3 - Coupon imported successfully.
02-11-2026 @ 16:59:12 - Row :4 - Parsing item.
02-11-2026 @ 16:59:12 - Importing as new coupon ID:55300
02-11-2026 @ 16:59:12 - Row :4 - Processing item.
02-11-2026 @ 16:59:12 - Found coupon object. ID:55300
02-11-2026 @ 16:59:12 - Row :4 - Coupon imported successfully.
02-11-2026 @ 16:59:12 - ---[ Import ended at 2026-02-11 16:59:12]---
