02-11-2026 @ 16:59:44 - ---[ New import started at 2026-02-11 15:59:44 ] PHP Memory: 128 MB, WP Memory: 40 MB
02-11-2026 @ 16:59:44 - Preparing for import.
02-11-2026 @ 16:59:44 - Row :1 - Parsing item.
02-11-2026 @ 16:59:44 - Row :1 - Processing item.
02-11-2026 @ 16:59:44 - Processing users.
02-11-2026 @ 16:59:44 - > &#8220;2&#8221;User imported successfully. ID:2
02-11-2026 @ 16:59:44 - > Finished importing user 2
02-11-2026 @ 16:59:44 - Row :1 - User imported successfully.
02-11-2026 @ 16:59:44 - Row :2 - Parsing item.
02-11-2026 @ 16:59:44 - Row :2 - Processing item.
02-11-2026 @ 16:59:44 - Processing users.
02-11-2026 @ 16:59:44 - > &#8220;3&#8221;User imported successfully. ID:3
02-11-2026 @ 16:59:44 - > Finished importing user 3
02-11-2026 @ 16:59:44 - Row :2 - User imported successfully.
02-11-2026 @ 16:59:44 - Row :3 - Parsing item.
02-11-2026 @ 16:59:44 - Row :3 - Processing item.
02-11-2026 @ 16:59:44 - Processing users.
02-11-2026 @ 16:59:45 - > &#8220;4&#8221;User imported successfully. ID:4
02-11-2026 @ 16:59:45 - > Finished importing user 4
02-11-2026 @ 16:59:45 - Row :3 - User imported successfully.
02-11-2026 @ 16:59:45 - Row :4 - Parsing item.
02-11-2026 @ 16:59:45 - Row :4 - Processing item.
02-11-2026 @ 16:59:45 - Processing users.
02-11-2026 @ 16:59:45 - > &#8220;5&#8221;User imported successfully. ID:5
02-11-2026 @ 16:59:45 - > Finished importing user 5
02-11-2026 @ 16:59:45 - Row :4 - User imported successfully.
02-11-2026 @ 16:59:45 - Row :5 - Parsing item.
02-11-2026 @ 16:59:45 - Row :5 - Processing item.
02-11-2026 @ 16:59:45 - Processing users.
02-11-2026 @ 16:59:45 - > &#8220;6&#8221;User imported successfully. ID:6
02-11-2026 @ 16:59:45 - > Finished importing user 6
02-11-2026 @ 16:59:45 - Row :5 - User imported successfully.
02-11-2026 @ 16:59:45 - Row :6 - Parsing item.
02-11-2026 @ 16:59:45 - Row :6 - Processing item.
02-11-2026 @ 16:59:45 - Processing users.
02-11-2026 @ 16:59:45 - > &#8220;7&#8221;User imported successfully. ID:7
02-11-2026 @ 16:59:45 - > Finished importing user 7
02-11-2026 @ 16:59:45 - Row :6 - User imported successfully.
02-11-2026 @ 16:59:45 - Row :7 - Parsing item.
02-11-2026 @ 16:59:45 - Row :7 - Processing item.
02-11-2026 @ 16:59:45 - Processing users.
02-11-2026 @ 16:59:45 - > &#8220;8&#8221;User imported successfully. ID:8
02-11-2026 @ 16:59:45 - > Finished importing user 8
02-11-2026 @ 16:59:45 - Row :7 - User imported successfully.
02-11-2026 @ 16:59:45 - Row :8 - Parsing item.
02-11-2026 @ 16:59:45 - Row :8 - Processing item.
02-11-2026 @ 16:59:45 - Processing users.
02-11-2026 @ 16:59:45 - > &#8220;9&#8221;User imported successfully. ID:9
02-11-2026 @ 16:59:45 - > Finished importing user 9
02-11-2026 @ 16:59:45 - Row :8 - User imported successfully.
02-11-2026 @ 16:59:45 - Row :9 - Parsing item.
02-11-2026 @ 16:59:45 - Row :9 - Processing item.
02-11-2026 @ 16:59:45 - Processing users.
02-11-2026 @ 16:59:46 - > &#8220;10&#8221;User imported successfully. ID:10
02-11-2026 @ 16:59:46 - > Finished importing user 10
02-11-2026 @ 16:59:46 - Row :9 - User imported successfully.
02-11-2026 @ 16:59:46 - Row :10 - Parsing item.
02-11-2026 @ 16:59:46 - Row :10 - Processing item.
02-11-2026 @ 16:59:46 - Processing users.
02-11-2026 @ 16:59:46 - > &#8220;11&#8221;User imported successfully. ID:11
02-11-2026 @ 16:59:46 - > Finished importing user 11
02-11-2026 @ 16:59:46 - Row :10 - User imported successfully.
02-11-2026 @ 16:59:46 - Preparing for import.
02-11-2026 @ 16:59:46 - Row :11 - Parsing item.
02-11-2026 @ 16:59:46 - Row :11 - Processing item.
02-11-2026 @ 16:59:46 - Processing users.
02-11-2026 @ 16:59:46 - > &#8220;12&#8221;User imported successfully. ID:12
02-11-2026 @ 16:59:46 - > Finished importing user 12
02-11-2026 @ 16:59:46 - Row :11 - User imported successfully.
02-11-2026 @ 16:59:46 - Row :12 - Parsing item.
02-11-2026 @ 16:59:46 - Row :12 - Processing item.
02-11-2026 @ 16:59:46 - Processing users.
02-11-2026 @ 16:59:46 - > &#8220;13&#8221;User imported successfully. ID:13
02-11-2026 @ 16:59:46 - > Finished importing user 13
02-11-2026 @ 16:59:46 - Row :12 - User imported successfully.
02-11-2026 @ 16:59:46 - Row :13 - Parsing item.
02-11-2026 @ 16:59:46 - Row :13 - Processing item.
02-11-2026 @ 16:59:46 - Processing users.
02-11-2026 @ 16:59:47 - > &#8220;14&#8221;User imported successfully. ID:14
02-11-2026 @ 16:59:47 - > Finished importing user 14
02-11-2026 @ 16:59:47 - Row :13 - User imported successfully.
02-11-2026 @ 16:59:47 - Row :14 - Parsing item.
02-11-2026 @ 16:59:47 - Row :14 - Processing item.
02-11-2026 @ 16:59:47 - Processing users.
02-11-2026 @ 16:59:47 - > &#8220;15&#8221;User imported successfully. ID:15
02-11-2026 @ 16:59:47 - > Finished importing user 15
02-11-2026 @ 16:59:47 - Row :14 - User imported successfully.
02-11-2026 @ 16:59:47 - Row :15 - Parsing item.
02-11-2026 @ 16:59:47 - Row :15 - Processing item.
02-11-2026 @ 16:59:47 - Processing users.
02-11-2026 @ 16:59:47 - > &#8220;16&#8221;User imported successfully. ID:16
02-11-2026 @ 16:59:47 - > Finished importing user 16
02-11-2026 @ 16:59:47 - Row :15 - User imported successfully.
02-11-2026 @ 16:59:47 - Row :16 - Parsing item.
02-11-2026 @ 16:59:47 - Row :16 - Processing item.
02-11-2026 @ 16:59:47 - Processing users.
02-11-2026 @ 16:59:47 - > &#8220;17&#8221;User imported successfully. ID:17
02-11-2026 @ 16:59:47 - > Finished importing user 17
02-11-2026 @ 16:59:47 - Row :16 - User imported successfully.
02-11-2026 @ 16:59:47 - Row :17 - Parsing item.
02-11-2026 @ 16:59:47 - Row :17 - Processing item.
02-11-2026 @ 16:59:47 - Processing users.
02-11-2026 @ 16:59:47 - > &#8220;18&#8221;User imported successfully. ID:18
02-11-2026 @ 16:59:47 - > Finished importing user 18
02-11-2026 @ 16:59:47 - Row :17 - User imported successfully.
02-11-2026 @ 16:59:47 - Row :18 - Parsing item.
02-11-2026 @ 16:59:47 - Row :18 - Processing item.
02-11-2026 @ 16:59:47 - Processing users.
02-11-2026 @ 16:59:48 - > &#8220;19&#8221;User imported successfully. ID:19
02-11-2026 @ 16:59:48 - > Finished importing user 19
02-11-2026 @ 16:59:48 - Row :18 - User imported successfully.
02-11-2026 @ 16:59:48 - Row :19 - Parsing item.
02-11-2026 @ 16:59:48 - Row :19 - Processing item.
02-11-2026 @ 16:59:48 - Processing users.
02-11-2026 @ 16:59:48 - > &#8220;20&#8221;User imported successfully. ID:20
02-11-2026 @ 16:59:48 - > Finished importing user 20
02-11-2026 @ 16:59:48 - Row :19 - User imported successfully.
02-11-2026 @ 16:59:48 - Row :20 - Parsing item.
02-11-2026 @ 16:59:48 - Row :20 - Processing item.
02-11-2026 @ 16:59:48 - Processing users.
02-11-2026 @ 16:59:48 - > &#8220;21&#8221;User imported successfully. ID:21
02-11-2026 @ 16:59:48 - > Finished importing user 21
02-11-2026 @ 16:59:48 - Row :20 - User imported successfully.
02-11-2026 @ 16:59:48 - Preparing for import.
02-11-2026 @ 16:59:48 - Row :21 - Parsing item.
02-11-2026 @ 16:59:48 - Row :21 - Processing item.
02-11-2026 @ 16:59:48 - Processing users.
02-11-2026 @ 16:59:48 - > &#8220;22&#8221;User imported successfully. ID:22
02-11-2026 @ 16:59:48 - > Finished importing user 22
02-11-2026 @ 16:59:48 - Row :21 - User imported successfully.
02-11-2026 @ 16:59:48 - Row :22 - Parsing item.
02-11-2026 @ 16:59:48 - Row :22 - Processing item.
02-11-2026 @ 16:59:48 - Processing users.
02-11-2026 @ 16:59:48 - > &#8220;23&#8221;User imported successfully. ID:23
02-11-2026 @ 16:59:48 - > Finished importing user 23
02-11-2026 @ 16:59:48 - Row :22 - User imported successfully.
02-11-2026 @ 16:59:48 - Row :23 - Parsing item.
02-11-2026 @ 16:59:48 - Row :23 - Processing item.
02-11-2026 @ 16:59:48 - Processing users.
02-11-2026 @ 16:59:49 - > &#8220;24&#8221;User imported successfully. ID:24
02-11-2026 @ 16:59:49 - > Finished importing user 24
02-11-2026 @ 16:59:49 - Row :23 - User imported successfully.
02-11-2026 @ 16:59:49 - Row :24 - Parsing item.
02-11-2026 @ 16:59:49 - Row :24 - Processing item.
02-11-2026 @ 16:59:49 - Processing users.
02-11-2026 @ 16:59:49 - > &#8220;25&#8221;User imported successfully. ID:25
02-11-2026 @ 16:59:49 - > Finished importing user 25
02-11-2026 @ 16:59:49 - Row :24 - User imported successfully.
02-11-2026 @ 16:59:49 - Row :25 - Parsing item.
02-11-2026 @ 16:59:49 - Row :25 - Processing item.
02-11-2026 @ 16:59:49 - Processing users.
02-11-2026 @ 16:59:49 - > &#8220;26&#8221;User imported successfully. ID:26
02-11-2026 @ 16:59:49 - > Finished importing user 26
02-11-2026 @ 16:59:49 - Row :25 - User imported successfully.
02-11-2026 @ 16:59:49 - Row :26 - Parsing item.
02-11-2026 @ 16:59:49 - Row :26 - Processing item.
02-11-2026 @ 16:59:49 - Processing users.
02-11-2026 @ 16:59:49 - > &#8220;27&#8221;User imported successfully. ID:27
02-11-2026 @ 16:59:49 - > Finished importing user 27
02-11-2026 @ 16:59:49 - Row :26 - User imported successfully.
02-11-2026 @ 16:59:49 - Row :27 - Parsing item.
02-11-2026 @ 16:59:49 - Row :27 - Processing item.
02-11-2026 @ 16:59:49 - Processing users.
02-11-2026 @ 16:59:49 - > &#8220;28&#8221;User imported successfully. ID:28
02-11-2026 @ 16:59:49 - > Finished importing user 28
02-11-2026 @ 16:59:49 - Row :27 - User imported successfully.
02-11-2026 @ 16:59:49 - Row :28 - Parsing item.
02-11-2026 @ 16:59:49 - Row :28 - Processing item.
02-11-2026 @ 16:59:49 - Processing users.
02-11-2026 @ 16:59:50 - > &#8220;29&#8221;User imported successfully. ID:29
02-11-2026 @ 16:59:50 - > Finished importing user 29
02-11-2026 @ 16:59:50 - Row :28 - User imported successfully.
02-11-2026 @ 16:59:50 - Row :29 - Parsing item.
02-11-2026 @ 16:59:50 - Row :29 - Processing item.
02-11-2026 @ 16:59:50 - Processing users.
02-11-2026 @ 16:59:50 - > &#8220;30&#8221;User imported successfully. ID:30
02-11-2026 @ 16:59:50 - > Finished importing user 30
02-11-2026 @ 16:59:50 - Row :29 - User imported successfully.
02-11-2026 @ 16:59:50 - Row :30 - Parsing item.
02-11-2026 @ 16:59:50 - Row :30 - Processing item.
02-11-2026 @ 16:59:50 - Processing users.
02-11-2026 @ 16:59:50 - > &#8220;31&#8221;User imported successfully. ID:31
02-11-2026 @ 16:59:50 - > Finished importing user 31
02-11-2026 @ 16:59:50 - Row :30 - User imported successfully.
02-11-2026 @ 16:59:50 - Preparing for import.
02-11-2026 @ 16:59:50 - Row :31 - Parsing item.
02-11-2026 @ 16:59:50 - Row :31 - Processing item.
02-11-2026 @ 16:59:50 - Processing users.
02-11-2026 @ 16:59:51 - > &#8220;32&#8221;User imported successfully. ID:32
02-11-2026 @ 16:59:51 - > Finished importing user 32
02-11-2026 @ 16:59:51 - Row :31 - User imported successfully.
02-11-2026 @ 16:59:51 - Row :32 - Parsing item.
02-11-2026 @ 16:59:51 - Row :32 - Processing item.
02-11-2026 @ 16:59:51 - Processing users.
02-11-2026 @ 16:59:51 - > &#8220;33&#8221;User imported successfully. ID:33
02-11-2026 @ 16:59:51 - > Finished importing user 33
02-11-2026 @ 16:59:51 - Row :32 - User imported successfully.
02-11-2026 @ 16:59:51 - Row :33 - Parsing item.
02-11-2026 @ 16:59:51 - Row :33 - Processing item.
02-11-2026 @ 16:59:51 - Processing users.
02-11-2026 @ 16:59:51 - > &#8220;34&#8221;User imported successfully. ID:34
02-11-2026 @ 16:59:51 - > Finished importing user 34
02-11-2026 @ 16:59:51 - Row :33 - User imported successfully.
02-11-2026 @ 16:59:51 - Row :34 - Parsing item.
02-11-2026 @ 16:59:51 - Row :34 - Processing item.
02-11-2026 @ 16:59:51 - Processing users.
02-11-2026 @ 16:59:51 - > &#8220;35&#8221;User imported successfully. ID:35
02-11-2026 @ 16:59:51 - > Finished importing user 35
02-11-2026 @ 16:59:51 - Row :34 - User imported successfully.
02-11-2026 @ 16:59:51 - Row :35 - Parsing item.
02-11-2026 @ 16:59:51 - Row :35 - Processing item.
02-11-2026 @ 16:59:51 - Processing users.
02-11-2026 @ 16:59:51 - > &#8220;36&#8221;User imported successfully. ID:36
02-11-2026 @ 16:59:51 - > Finished importing user 36
02-11-2026 @ 16:59:51 - Row :35 - User imported successfully.
02-11-2026 @ 16:59:51 - Row :36 - Parsing item.
02-11-2026 @ 16:59:51 - Row :36 - Processing item.
02-11-2026 @ 16:59:51 - Processing users.
02-11-2026 @ 16:59:51 - > &#8220;37&#8221;User imported successfully. ID:37
02-11-2026 @ 16:59:51 - > Finished importing user 37
02-11-2026 @ 16:59:51 - Row :36 - User imported successfully.
02-11-2026 @ 16:59:51 - Row :37 - Parsing item.
02-11-2026 @ 16:59:51 - Row :37 - Processing item.
02-11-2026 @ 16:59:51 - Processing users.
02-11-2026 @ 16:59:52 - > &#8220;38&#8221;User imported successfully. ID:38
02-11-2026 @ 16:59:52 - > Finished importing user 38
02-11-2026 @ 16:59:52 - Row :37 - User imported successfully.
02-11-2026 @ 16:59:52 - Row :38 - Parsing item.
02-11-2026 @ 16:59:52 - Row :38 - Processing item.
02-11-2026 @ 16:59:52 - Processing users.
02-11-2026 @ 16:59:52 - > &#8220;39&#8221;User imported successfully. ID:39
02-11-2026 @ 16:59:52 - > Finished importing user 39
02-11-2026 @ 16:59:52 - Row :38 - User imported successfully.
02-11-2026 @ 16:59:52 - Row :39 - Parsing item.
02-11-2026 @ 16:59:52 - Row :39 - Processing item.
02-11-2026 @ 16:59:52 - Processing users.
02-11-2026 @ 16:59:52 - > &#8220;40&#8221;User imported successfully. ID:40
02-11-2026 @ 16:59:52 - > Finished importing user 40
02-11-2026 @ 16:59:52 - Row :39 - User imported successfully.
02-11-2026 @ 16:59:52 - Row :40 - Parsing item.
02-11-2026 @ 16:59:52 - Row :40 - Processing item.
02-11-2026 @ 16:59:52 - Processing users.
02-11-2026 @ 16:59:52 - > &#8220;41&#8221;User imported successfully. ID:41
02-11-2026 @ 16:59:52 - > Finished importing user 41
02-11-2026 @ 16:59:52 - Row :40 - User imported successfully.
02-11-2026 @ 16:59:52 - Preparing for import.
02-11-2026 @ 16:59:52 - Row :41 - Parsing item.
02-11-2026 @ 16:59:52 - Row :41 - Processing item.
02-11-2026 @ 16:59:52 - Processing users.
02-11-2026 @ 16:59:53 - > &#8220;42&#8221;User imported successfully. ID:42
02-11-2026 @ 16:59:53 - > Finished importing user 42
02-11-2026 @ 16:59:53 - Row :41 - User imported successfully.
02-11-2026 @ 16:59:53 - Row :42 - Parsing item.
02-11-2026 @ 16:59:53 - Row :42 - Processing item.
02-11-2026 @ 16:59:53 - Processing users.
02-11-2026 @ 16:59:53 - > &#8220;43&#8221;User imported successfully. ID:43
02-11-2026 @ 16:59:53 - > Finished importing user 43
02-11-2026 @ 16:59:53 - Row :42 - User imported successfully.
02-11-2026 @ 16:59:53 - Row :43 - Parsing item.
02-11-2026 @ 16:59:53 - Row :43 - Processing item.
02-11-2026 @ 16:59:53 - Processing users.
02-11-2026 @ 16:59:53 - > &#8220;44&#8221;User imported successfully. ID:44
02-11-2026 @ 16:59:53 - > Finished importing user 44
02-11-2026 @ 16:59:53 - Row :43 - User imported successfully.
02-11-2026 @ 16:59:53 - Row :44 - Parsing item.
02-11-2026 @ 16:59:53 - Row :44 - Processing item.
02-11-2026 @ 16:59:53 - Processing users.
02-11-2026 @ 16:59:53 - > &#8220;45&#8221;User imported successfully. ID:45
02-11-2026 @ 16:59:53 - > Finished importing user 45
02-11-2026 @ 16:59:53 - Row :44 - User imported successfully.
02-11-2026 @ 16:59:53 - Row :45 - Parsing item.
02-11-2026 @ 16:59:53 - Row :45 - Processing item.
02-11-2026 @ 16:59:53 - Processing users.
02-11-2026 @ 16:59:53 - > &#8220;46&#8221;User imported successfully. ID:46
02-11-2026 @ 16:59:53 - > Finished importing user 46
02-11-2026 @ 16:59:53 - Row :45 - User imported successfully.
02-11-2026 @ 16:59:53 - Row :46 - Parsing item.
02-11-2026 @ 16:59:53 - Row :46 - Processing item.
02-11-2026 @ 16:59:53 - Processing users.
02-11-2026 @ 16:59:54 - > &#8220;47&#8221;User imported successfully. ID:47
02-11-2026 @ 16:59:54 - > Finished importing user 47
02-11-2026 @ 16:59:54 - Row :46 - User imported successfully.
02-11-2026 @ 16:59:54 - Row :47 - Parsing item.
02-11-2026 @ 16:59:54 - Row :47 - Processing item.
02-11-2026 @ 16:59:54 - Processing users.
02-11-2026 @ 16:59:54 - > &#8220;48&#8221;User imported successfully. ID:48
02-11-2026 @ 16:59:54 - > Finished importing user 48
02-11-2026 @ 16:59:54 - Row :47 - User imported successfully.
02-11-2026 @ 16:59:54 - Row :48 - Parsing item.
02-11-2026 @ 16:59:54 - Row :48 - Processing item.
02-11-2026 @ 16:59:54 - Processing users.
02-11-2026 @ 16:59:54 - > &#8220;49&#8221;User imported successfully. ID:49
02-11-2026 @ 16:59:54 - > Finished importing user 49
02-11-2026 @ 16:59:54 - Row :48 - User imported successfully.
02-11-2026 @ 16:59:54 - Row :49 - Parsing item.
02-11-2026 @ 16:59:54 - Row :49 - Processing item.
02-11-2026 @ 16:59:54 - Processing users.
02-11-2026 @ 16:59:54 - > &#8220;50&#8221;User imported successfully. ID:50
02-11-2026 @ 16:59:54 - > Finished importing user 50
02-11-2026 @ 16:59:54 - Row :49 - User imported successfully.
02-11-2026 @ 16:59:54 - Row :50 - Parsing item.
02-11-2026 @ 16:59:54 - Row :50 - Processing item.
02-11-2026 @ 16:59:54 - Processing users.
02-11-2026 @ 16:59:54 - > &#8220;51&#8221;User imported successfully. ID:51
02-11-2026 @ 16:59:54 - > Finished importing user 51
02-11-2026 @ 16:59:54 - Row :50 - User imported successfully.
02-11-2026 @ 16:59:54 - Preparing for import.
02-11-2026 @ 16:59:54 - Row :51 - Parsing item.
02-11-2026 @ 16:59:54 - Row :51 - Processing item.
02-11-2026 @ 16:59:54 - Processing users.
02-11-2026 @ 16:59:55 - > &#8220;52&#8221;User imported successfully. ID:52
02-11-2026 @ 16:59:55 - > Finished importing user 52
02-11-2026 @ 16:59:55 - Row :51 - User imported successfully.
02-11-2026 @ 16:59:55 - Row :52 - Parsing item.
02-11-2026 @ 16:59:55 - Row :52 - Processing item.
02-11-2026 @ 16:59:55 - Processing users.
02-11-2026 @ 16:59:55 - > &#8220;53&#8221;User imported successfully. ID:53
02-11-2026 @ 16:59:55 - > Finished importing user 53
02-11-2026 @ 16:59:55 - Row :52 - User imported successfully.
02-11-2026 @ 16:59:55 - Row :53 - Parsing item.
02-11-2026 @ 16:59:55 - Row :53 - Processing item.
02-11-2026 @ 16:59:55 - Processing users.
02-11-2026 @ 16:59:55 - > &#8220;54&#8221;User imported successfully. ID:54
02-11-2026 @ 16:59:55 - > Finished importing user 54
02-11-2026 @ 16:59:55 - Row :53 - User imported successfully.
02-11-2026 @ 16:59:55 - Row :54 - Parsing item.
02-11-2026 @ 16:59:55 - Row :54 - Processing item.
02-11-2026 @ 16:59:55 - Processing users.
02-11-2026 @ 16:59:55 - > &#8220;55&#8221;User imported successfully. ID:55
02-11-2026 @ 16:59:55 - > Finished importing user 55
02-11-2026 @ 16:59:55 - Row :54 - User imported successfully.
02-11-2026 @ 16:59:55 - Row :55 - Parsing item.
02-11-2026 @ 16:59:55 - Row :55 - Processing item.
02-11-2026 @ 16:59:55 - Processing users.
02-11-2026 @ 16:59:55 - > &#8220;56&#8221;User imported successfully. ID:56
02-11-2026 @ 16:59:55 - > Finished importing user 56
02-11-2026 @ 16:59:55 - Row :55 - User imported successfully.
02-11-2026 @ 16:59:55 - Row :56 - Parsing item.
02-11-2026 @ 16:59:55 - Row :56 - Processing item.
02-11-2026 @ 16:59:55 - Processing users.
02-11-2026 @ 16:59:56 - > &#8220;57&#8221;User imported successfully. ID:57
02-11-2026 @ 16:59:56 - > Finished importing user 57
02-11-2026 @ 16:59:56 - Row :56 - User imported successfully.
02-11-2026 @ 16:59:56 - Row :57 - Parsing item.
02-11-2026 @ 16:59:56 - Row :57 - Processing item.
02-11-2026 @ 16:59:56 - Processing users.
02-11-2026 @ 16:59:56 - > &#8220;58&#8221;User imported successfully. ID:58
02-11-2026 @ 16:59:56 - > Finished importing user 58
02-11-2026 @ 16:59:56 - Row :57 - User imported successfully.
02-11-2026 @ 16:59:56 - Row :58 - Parsing item.
02-11-2026 @ 16:59:56 - Row :58 - Processing item.
02-11-2026 @ 16:59:56 - Processing users.
02-11-2026 @ 16:59:56 - > &#8220;59&#8221;User imported successfully. ID:59
02-11-2026 @ 16:59:56 - > Finished importing user 59
02-11-2026 @ 16:59:56 - Row :58 - User imported successfully.
02-11-2026 @ 16:59:56 - Row :59 - Parsing item.
02-11-2026 @ 16:59:56 - Row :59 - Processing item.
02-11-2026 @ 16:59:56 - Processing users.
02-11-2026 @ 16:59:56 - > &#8220;60&#8221;User imported successfully. ID:60
02-11-2026 @ 16:59:56 - > Finished importing user 60
02-11-2026 @ 16:59:56 - Row :59 - User imported successfully.
02-11-2026 @ 16:59:56 - Row :60 - Parsing item.
02-11-2026 @ 16:59:56 - Row :60 - Processing item.
02-11-2026 @ 16:59:56 - Processing users.
02-11-2026 @ 16:59:56 - > &#8220;61&#8221;User imported successfully. ID:61
02-11-2026 @ 16:59:56 - > Finished importing user 61
02-11-2026 @ 16:59:56 - Row :60 - User imported successfully.
02-11-2026 @ 16:59:57 - Preparing for import.
02-11-2026 @ 16:59:57 - Row :61 - Parsing item.
02-11-2026 @ 16:59:57 - Row :61 - Processing item.
02-11-2026 @ 16:59:57 - Processing users.
02-11-2026 @ 16:59:57 - > &#8220;62&#8221;User imported successfully. ID:62
02-11-2026 @ 16:59:57 - > Finished importing user 62
02-11-2026 @ 16:59:57 - Row :61 - User imported successfully.
02-11-2026 @ 16:59:57 - Row :62 - Parsing item.
02-11-2026 @ 16:59:57 - Row :62 - Processing item.
02-11-2026 @ 16:59:57 - Processing users.
02-11-2026 @ 16:59:57 - > &#8220;63&#8221;User imported successfully. ID:63
02-11-2026 @ 16:59:57 - > Finished importing user 63
02-11-2026 @ 16:59:57 - Row :62 - User imported successfully.
02-11-2026 @ 16:59:57 - Row :63 - Parsing item.
02-11-2026 @ 16:59:57 - Row :63 - Processing item.
02-11-2026 @ 16:59:57 - Processing users.
02-11-2026 @ 16:59:57 - > &#8220;64&#8221;User imported successfully. ID:64
02-11-2026 @ 16:59:57 - > Finished importing user 64
02-11-2026 @ 16:59:57 - Row :63 - User imported successfully.
02-11-2026 @ 16:59:57 - Row :64 - Parsing item.
02-11-2026 @ 16:59:57 - Row :64 - Processing item.
02-11-2026 @ 16:59:57 - Processing users.
02-11-2026 @ 16:59:57 - > &#8220;65&#8221;User imported successfully. ID:65
02-11-2026 @ 16:59:57 - > Finished importing user 65
02-11-2026 @ 16:59:57 - Row :64 - User imported successfully.
02-11-2026 @ 16:59:57 - Row :65 - Parsing item.
02-11-2026 @ 16:59:57 - Row :65 - Processing item.
02-11-2026 @ 16:59:57 - Processing users.
02-11-2026 @ 16:59:58 - > &#8220;66&#8221;User imported successfully. ID:66
02-11-2026 @ 16:59:58 - > Finished importing user 66
02-11-2026 @ 16:59:58 - Row :65 - User imported successfully.
02-11-2026 @ 16:59:58 - Row :66 - Parsing item.
02-11-2026 @ 16:59:58 - Row :66 - Processing item.
02-11-2026 @ 16:59:58 - Processing users.
02-11-2026 @ 16:59:58 - > &#8220;67&#8221;User imported successfully. ID:67
02-11-2026 @ 16:59:58 - > Finished importing user 67
02-11-2026 @ 16:59:58 - Row :66 - User imported successfully.
02-11-2026 @ 16:59:58 - Row :67 - Parsing item.
02-11-2026 @ 16:59:58 - Row :67 - Processing item.
02-11-2026 @ 16:59:58 - Processing users.
02-11-2026 @ 16:59:58 - > &#8220;68&#8221;User imported successfully. ID:68
02-11-2026 @ 16:59:58 - > Finished importing user 68
02-11-2026 @ 16:59:58 - Row :67 - User imported successfully.
02-11-2026 @ 16:59:58 - Row :68 - Parsing item.
02-11-2026 @ 16:59:58 - Row :68 - Processing item.
02-11-2026 @ 16:59:58 - Processing users.
02-11-2026 @ 16:59:58 - > &#8220;69&#8221;User imported successfully. ID:69
02-11-2026 @ 16:59:58 - > Finished importing user 69
02-11-2026 @ 16:59:58 - Row :68 - User imported successfully.
02-11-2026 @ 16:59:58 - Row :69 - Parsing item.
02-11-2026 @ 16:59:58 - Row :69 - Processing item.
02-11-2026 @ 16:59:58 - Processing users.
02-11-2026 @ 16:59:58 - > &#8220;70&#8221;User imported successfully. ID:70
02-11-2026 @ 16:59:58 - > Finished importing user 70
02-11-2026 @ 16:59:58 - Row :69 - User imported successfully.
02-11-2026 @ 16:59:58 - Row :70 - Parsing item.
02-11-2026 @ 16:59:58 - Row :70 - Processing item.
02-11-2026 @ 16:59:58 - Processing users.
02-11-2026 @ 16:59:59 - > &#8220;71&#8221;User imported successfully. ID:71
02-11-2026 @ 16:59:59 - > Finished importing user 71
02-11-2026 @ 16:59:59 - Row :70 - User imported successfully.
02-11-2026 @ 16:59:59 - Preparing for import.
02-11-2026 @ 16:59:59 - Row :71 - Parsing item.
02-11-2026 @ 16:59:59 - Row :71 - Processing item.
02-11-2026 @ 16:59:59 - Processing users.
02-11-2026 @ 16:59:59 - > &#8220;72&#8221;User imported successfully. ID:72
02-11-2026 @ 16:59:59 - > Finished importing user 72
02-11-2026 @ 16:59:59 - Row :71 - User imported successfully.
02-11-2026 @ 16:59:59 - Row :72 - Parsing item.
02-11-2026 @ 16:59:59 - Row :72 - Processing item.
02-11-2026 @ 16:59:59 - Processing users.
02-11-2026 @ 16:59:59 - > &#8220;73&#8221;User imported successfully. ID:73
02-11-2026 @ 16:59:59 - > Finished importing user 73
02-11-2026 @ 16:59:59 - Row :72 - User imported successfully.
02-11-2026 @ 16:59:59 - Row :73 - Parsing item.
02-11-2026 @ 16:59:59 - Row :73 - Processing item.
02-11-2026 @ 16:59:59 - Processing users.
02-11-2026 @ 16:59:59 - > &#8220;74&#8221;User imported successfully. ID:74
02-11-2026 @ 16:59:59 - > Finished importing user 74
02-11-2026 @ 16:59:59 - Row :73 - User imported successfully.
02-11-2026 @ 16:59:59 - Row :74 - Parsing item.
02-11-2026 @ 16:59:59 - Row :74 - Processing item.
02-11-2026 @ 16:59:59 - Processing users.
02-11-2026 @ 17:00:00 - > &#8220;75&#8221;User imported successfully. ID:75
02-11-2026 @ 17:00:00 - > Finished importing user 75
02-11-2026 @ 17:00:00 - Row :74 - User imported successfully.
02-11-2026 @ 17:00:00 - Row :75 - Parsing item.
02-11-2026 @ 17:00:00 - Row :75 - Processing item.
02-11-2026 @ 17:00:00 - Processing users.
02-11-2026 @ 17:00:00 - > &#8220;76&#8221;User imported successfully. ID:76
02-11-2026 @ 17:00:00 - > Finished importing user 76
02-11-2026 @ 17:00:00 - Row :75 - User imported successfully.
02-11-2026 @ 17:00:00 - Row :76 - Parsing item.
02-11-2026 @ 17:00:00 - Row :76 - Processing item.
02-11-2026 @ 17:00:00 - Processing users.
02-11-2026 @ 17:00:01 - > &#8220;77&#8221;User imported successfully. ID:77
02-11-2026 @ 17:00:01 - > Finished importing user 77
02-11-2026 @ 17:00:01 - Row :76 - User imported successfully.
02-11-2026 @ 17:00:01 - Row :77 - Parsing item.
02-11-2026 @ 17:00:01 - Row :77 - Processing item.
02-11-2026 @ 17:00:01 - Processing users.
02-11-2026 @ 17:00:01 - > &#8220;78&#8221;User imported successfully. ID:78
02-11-2026 @ 17:00:01 - > Finished importing user 78
02-11-2026 @ 17:00:01 - Row :77 - User imported successfully.
02-11-2026 @ 17:00:01 - Row :78 - Parsing item.
02-11-2026 @ 17:00:01 - Row :78 - Processing item.
02-11-2026 @ 17:00:01 - Processing users.
02-11-2026 @ 17:00:02 - > &#8220;79&#8221;User imported successfully. ID:79
02-11-2026 @ 17:00:02 - > Finished importing user 79
02-11-2026 @ 17:00:02 - Row :78 - User imported successfully.
02-11-2026 @ 17:00:02 - Row :79 - Parsing item.
02-11-2026 @ 17:00:02 - Row :79 - Processing item.
02-11-2026 @ 17:00:02 - Processing users.
02-11-2026 @ 17:00:02 - > &#8220;80&#8221;User imported successfully. ID:80
02-11-2026 @ 17:00:02 - > Finished importing user 80
02-11-2026 @ 17:00:02 - Row :79 - User imported successfully.
02-11-2026 @ 17:00:02 - Row :80 - Parsing item.
02-11-2026 @ 17:00:02 - Row :80 - Processing item.
02-11-2026 @ 17:00:02 - Processing users.
02-11-2026 @ 17:00:03 - > &#8220;81&#8221;User imported successfully. ID:81
02-11-2026 @ 17:00:03 - > Finished importing user 81
02-11-2026 @ 17:00:03 - Row :80 - User imported successfully.
02-11-2026 @ 17:00:03 - Preparing for import.
02-11-2026 @ 17:00:03 - Row :81 - Parsing item.
02-11-2026 @ 17:00:03 - Row :81 - Processing item.
02-11-2026 @ 17:00:03 - Processing users.
02-11-2026 @ 17:00:04 - > &#8220;82&#8221;User imported successfully. ID:82
02-11-2026 @ 17:00:04 - > Finished importing user 82
02-11-2026 @ 17:00:04 - Row :81 - User imported successfully.
02-11-2026 @ 17:00:04 - Row :82 - Parsing item.
02-11-2026 @ 17:00:04 - Row :82 - Processing item.
02-11-2026 @ 17:00:04 - Processing users.
02-11-2026 @ 17:00:04 - > &#8220;83&#8221;User imported successfully. ID:83
02-11-2026 @ 17:00:04 - > Finished importing user 83
02-11-2026 @ 17:00:04 - Row :82 - User imported successfully.
02-11-2026 @ 17:00:04 - Row :83 - Parsing item.
02-11-2026 @ 17:00:04 - Row :83 - Processing item.
02-11-2026 @ 17:00:04 - Processing users.
02-11-2026 @ 17:00:05 - > &#8220;84&#8221;User imported successfully. ID:84
02-11-2026 @ 17:00:05 - > Finished importing user 84
02-11-2026 @ 17:00:05 - Row :83 - User imported successfully.
02-11-2026 @ 17:00:05 - Row :84 - Parsing item.
02-11-2026 @ 17:00:05 - Row :84 - Processing item.
02-11-2026 @ 17:00:05 - Processing users.
02-11-2026 @ 17:00:05 - > &#8220;85&#8221;User imported successfully. ID:85
02-11-2026 @ 17:00:05 - > Finished importing user 85
02-11-2026 @ 17:00:05 - Row :84 - User imported successfully.
02-11-2026 @ 17:00:05 - Row :85 - Parsing item.
02-11-2026 @ 17:00:05 - Row :85 - Processing item.
02-11-2026 @ 17:00:05 - Processing users.
02-11-2026 @ 17:00:06 - > &#8220;86&#8221;User imported successfully. ID:86
02-11-2026 @ 17:00:06 - > Finished importing user 86
02-11-2026 @ 17:00:06 - Row :85 - User imported successfully.
02-11-2026 @ 17:00:06 - Row :86 - Parsing item.
02-11-2026 @ 17:00:06 - Row :86 - Processing item.
02-11-2026 @ 17:00:06 - Processing users.
02-11-2026 @ 17:00:06 - > &#8220;87&#8221;User imported successfully. ID:87
02-11-2026 @ 17:00:06 - > Finished importing user 87
02-11-2026 @ 17:00:06 - Row :86 - User imported successfully.
02-11-2026 @ 17:00:06 - Row :87 - Parsing item.
02-11-2026 @ 17:00:06 - Row :87 - Processing item.
02-11-2026 @ 17:00:06 - Processing users.
02-11-2026 @ 17:00:06 - > &#8220;88&#8221;User imported successfully. ID:88
02-11-2026 @ 17:00:06 - > Finished importing user 88
02-11-2026 @ 17:00:06 - Row :87 - User imported successfully.
02-11-2026 @ 17:00:06 - Row :88 - Parsing item.
02-11-2026 @ 17:00:06 - Row :88 - Processing item.
02-11-2026 @ 17:00:06 - Processing users.
02-11-2026 @ 17:00:07 - > &#8220;89&#8221;User imported successfully. ID:89
02-11-2026 @ 17:00:07 - > Finished importing user 89
02-11-2026 @ 17:00:07 - Row :88 - User imported successfully.
02-11-2026 @ 17:00:07 - Row :89 - Parsing item.
02-11-2026 @ 17:00:07 - Row :89 - Processing item.
02-11-2026 @ 17:00:07 - Processing users.
02-11-2026 @ 17:00:07 - > &#8220;90&#8221;User imported successfully. ID:90
02-11-2026 @ 17:00:07 - > Finished importing user 90
02-11-2026 @ 17:00:07 - Row :89 - User imported successfully.
02-11-2026 @ 17:00:07 - Row :90 - Parsing item.
02-11-2026 @ 17:00:07 - Row :90 - Processing item.
02-11-2026 @ 17:00:07 - Processing users.
02-11-2026 @ 17:00:07 - > &#8220;91&#8221;User imported successfully. ID:91
02-11-2026 @ 17:00:07 - > Finished importing user 91
02-11-2026 @ 17:00:07 - Row :90 - User imported successfully.
02-11-2026 @ 17:00:08 - Preparing for import.
02-11-2026 @ 17:00:08 - Row :91 - Parsing item.
02-11-2026 @ 17:00:08 - Row :91 - Processing item.
02-11-2026 @ 17:00:08 - Processing users.
02-11-2026 @ 17:00:08 - > &#8220;92&#8221;User imported successfully. ID:92
02-11-2026 @ 17:00:08 - > Finished importing user 92
02-11-2026 @ 17:00:08 - Row :91 - User imported successfully.
02-11-2026 @ 17:00:08 - Row :92 - Parsing item.
02-11-2026 @ 17:00:08 - Row :92 - Processing item.
02-11-2026 @ 17:00:08 - Processing users.
02-11-2026 @ 17:00:08 - > &#8220;93&#8221;User imported successfully. ID:93
02-11-2026 @ 17:00:08 - > Finished importing user 93
02-11-2026 @ 17:00:08 - Row :92 - User imported successfully.
02-11-2026 @ 17:00:08 - Row :93 - Parsing item.
02-11-2026 @ 17:00:08 - Row :93 - Processing item.
02-11-2026 @ 17:00:08 - Processing users.
02-11-2026 @ 17:00:08 - > &#8220;94&#8221;User imported successfully. ID:94
02-11-2026 @ 17:00:08 - > Finished importing user 94
02-11-2026 @ 17:00:08 - Row :93 - User imported successfully.
02-11-2026 @ 17:00:08 - Row :94 - Parsing item.
02-11-2026 @ 17:00:08 - Row :94 - Processing item.
02-11-2026 @ 17:00:08 - Processing users.
02-11-2026 @ 17:00:08 - > &#8220;95&#8221;User imported successfully. ID:95
02-11-2026 @ 17:00:08 - > Finished importing user 95
02-11-2026 @ 17:00:08 - Row :94 - User imported successfully.
02-11-2026 @ 17:00:08 - Row :95 - Parsing item.
02-11-2026 @ 17:00:08 - Row :95 - Processing item.
02-11-2026 @ 17:00:08 - Processing users.
02-11-2026 @ 17:00:09 - > &#8220;96&#8221;User imported successfully. ID:96
02-11-2026 @ 17:00:09 - > Finished importing user 96
02-11-2026 @ 17:00:09 - Row :95 - User imported successfully.
02-11-2026 @ 17:00:09 - Row :96 - Parsing item.
02-11-2026 @ 17:00:09 - Row :96 - Processing item.
02-11-2026 @ 17:00:09 - Processing users.
02-11-2026 @ 17:00:09 - > &#8220;97&#8221;User imported successfully. ID:97
02-11-2026 @ 17:00:09 - > Finished importing user 97
02-11-2026 @ 17:00:09 - Row :96 - User imported successfully.
02-11-2026 @ 17:00:09 - Row :97 - Parsing item.
02-11-2026 @ 17:00:09 - Row :97 - Processing item.
02-11-2026 @ 17:00:09 - Processing users.
02-11-2026 @ 17:00:09 - > &#8220;98&#8221;User imported successfully. ID:98
02-11-2026 @ 17:00:09 - > Finished importing user 98
02-11-2026 @ 17:00:09 - Row :97 - User imported successfully.
02-11-2026 @ 17:00:09 - Row :98 - Parsing item.
02-11-2026 @ 17:00:09 - Row :98 - Processing item.
02-11-2026 @ 17:00:09 - Processing users.
02-11-2026 @ 17:00:09 - > &#8220;99&#8221;User imported successfully. ID:99
02-11-2026 @ 17:00:09 - > Finished importing user 99
02-11-2026 @ 17:00:09 - Row :98 - User imported successfully.
02-11-2026 @ 17:00:09 - Row :99 - Parsing item.
02-11-2026 @ 17:00:09 - Row :99 - Processing item.
02-11-2026 @ 17:00:09 - Processing users.
02-11-2026 @ 17:00:09 - > &#8220;100&#8221;User imported successfully. ID:100
02-11-2026 @ 17:00:09 - > Finished importing user 100
02-11-2026 @ 17:00:09 - Row :99 - User imported successfully.
02-11-2026 @ 17:00:09 - Row :100 - Parsing item.
02-11-2026 @ 17:00:10 - Row :100 - Processing item.
02-11-2026 @ 17:00:10 - Processing users.
02-11-2026 @ 17:00:10 - > &#8220;101&#8221;User imported successfully. ID:101
02-11-2026 @ 17:00:10 - > Finished importing user 101
02-11-2026 @ 17:00:10 - Row :100 - User imported successfully.
02-11-2026 @ 17:00:10 - Preparing for import.
02-11-2026 @ 17:00:10 - Row :101 - Parsing item.
02-11-2026 @ 17:00:10 - Row :101 - Processing item.
02-11-2026 @ 17:00:10 - Processing users.
02-11-2026 @ 17:00:10 - > &#8220;102&#8221;User imported successfully. ID:102
02-11-2026 @ 17:00:10 - > Finished importing user 102
02-11-2026 @ 17:00:10 - Row :101 - User imported successfully.
02-11-2026 @ 17:00:10 - Row :102 - Parsing item.
02-11-2026 @ 17:00:10 - Row :102 - Processing item.
02-11-2026 @ 17:00:10 - Processing users.
02-11-2026 @ 17:00:11 - > &#8220;103&#8221;User imported successfully. ID:103
02-11-2026 @ 17:00:11 - > Finished importing user 103
02-11-2026 @ 17:00:11 - Row :102 - User imported successfully.
02-11-2026 @ 17:00:11 - Row :103 - Parsing item.
02-11-2026 @ 17:00:11 - Row :103 - Processing item.
02-11-2026 @ 17:00:11 - Processing users.
02-11-2026 @ 17:00:11 - > &#8220;104&#8221;User imported successfully. ID:104
02-11-2026 @ 17:00:11 - > Finished importing user 104
02-11-2026 @ 17:00:11 - Row :103 - User imported successfully.
02-11-2026 @ 17:00:11 - Row :104 - Parsing item.
02-11-2026 @ 17:00:11 - Row :104 - Processing item.
02-11-2026 @ 17:00:11 - Processing users.
02-11-2026 @ 17:00:11 - > &#8220;105&#8221;User imported successfully. ID:105
02-11-2026 @ 17:00:11 - > Finished importing user 105
02-11-2026 @ 17:00:11 - Row :104 - User imported successfully.
02-11-2026 @ 17:00:11 - Row :105 - Parsing item.
02-11-2026 @ 17:00:11 - Row :105 - Processing item.
02-11-2026 @ 17:00:11 - Processing users.
02-11-2026 @ 17:00:11 - > &#8220;106&#8221;User imported successfully. ID:106
02-11-2026 @ 17:00:11 - > Finished importing user 106
02-11-2026 @ 17:00:11 - Row :105 - User imported successfully.
02-11-2026 @ 17:00:11 - Row :106 - Parsing item.
02-11-2026 @ 17:00:11 - Row :106 - Processing item.
02-11-2026 @ 17:00:11 - Processing users.
02-11-2026 @ 17:00:12 - > &#8220;107&#8221;User imported successfully. ID:107
02-11-2026 @ 17:00:12 - > Finished importing user 107
02-11-2026 @ 17:00:12 - Row :106 - User imported successfully.
02-11-2026 @ 17:00:12 - Row :107 - Parsing item.
02-11-2026 @ 17:00:12 - Row :107 - Processing item.
02-11-2026 @ 17:00:12 - Processing users.
02-11-2026 @ 17:00:12 - > &#8220;108&#8221;User imported successfully. ID:108
02-11-2026 @ 17:00:12 - > Finished importing user 108
02-11-2026 @ 17:00:12 - Row :107 - User imported successfully.
02-11-2026 @ 17:00:12 - Row :108 - Parsing item.
02-11-2026 @ 17:00:12 - Row :108 - Processing item.
02-11-2026 @ 17:00:12 - Processing users.
02-11-2026 @ 17:00:12 - > &#8220;109&#8221;User imported successfully. ID:109
02-11-2026 @ 17:00:12 - > Finished importing user 109
02-11-2026 @ 17:00:12 - Row :108 - User imported successfully.
02-11-2026 @ 17:00:12 - Row :109 - Parsing item.
02-11-2026 @ 17:00:12 - Row :109 - Processing item.
02-11-2026 @ 17:00:12 - Processing users.
02-11-2026 @ 17:00:12 - > &#8220;110&#8221;User imported successfully. ID:110
02-11-2026 @ 17:00:12 - > Finished importing user 110
02-11-2026 @ 17:00:12 - Row :109 - User imported successfully.
02-11-2026 @ 17:00:12 - Row :110 - Parsing item.
02-11-2026 @ 17:00:12 - Row :110 - Processing item.
02-11-2026 @ 17:00:12 - Processing users.
02-11-2026 @ 17:00:12 - > &#8220;111&#8221;User imported successfully. ID:111
02-11-2026 @ 17:00:12 - > Finished importing user 111
02-11-2026 @ 17:00:12 - Row :110 - User imported successfully.
02-11-2026 @ 17:00:13 - Preparing for import.
02-11-2026 @ 17:00:13 - Row :111 - Parsing item.
02-11-2026 @ 17:00:13 - Row :111 - Processing item.
02-11-2026 @ 17:00:13 - Processing users.
02-11-2026 @ 17:00:13 - > &#8220;112&#8221;User imported successfully. ID:112
02-11-2026 @ 17:00:13 - > Finished importing user 112
02-11-2026 @ 17:00:13 - Row :111 - User imported successfully.
02-11-2026 @ 17:00:13 - Row :112 - Parsing item.
02-11-2026 @ 17:00:13 - Row :112 - Processing item.
02-11-2026 @ 17:00:13 - Processing users.
02-11-2026 @ 17:00:13 - > &#8220;113&#8221;User imported successfully. ID:113
02-11-2026 @ 17:00:13 - > Finished importing user 113
02-11-2026 @ 17:00:13 - Row :112 - User imported successfully.
02-11-2026 @ 17:00:13 - Row :113 - Parsing item.
02-11-2026 @ 17:00:13 - Row :113 - Processing item.
02-11-2026 @ 17:00:13 - Processing users.
02-11-2026 @ 17:00:13 - > &#8220;114&#8221;User imported successfully. ID:114
02-11-2026 @ 17:00:13 - > Finished importing user 114
02-11-2026 @ 17:00:13 - Row :113 - User imported successfully.
02-11-2026 @ 17:00:13 - Row :114 - Parsing item.
02-11-2026 @ 17:00:13 - Row :114 - Processing item.
02-11-2026 @ 17:00:13 - Processing users.
02-11-2026 @ 17:00:13 - > &#8220;115&#8221;User imported successfully. ID:115
02-11-2026 @ 17:00:13 - > Finished importing user 115
02-11-2026 @ 17:00:13 - Row :114 - User imported successfully.
02-11-2026 @ 17:00:13 - Row :115 - Parsing item.
02-11-2026 @ 17:00:13 - Row :115 - Processing item.
02-11-2026 @ 17:00:13 - Processing users.
02-11-2026 @ 17:00:14 - > &#8220;116&#8221;User imported successfully. ID:116
02-11-2026 @ 17:00:14 - > Finished importing user 116
02-11-2026 @ 17:00:14 - Row :115 - User imported successfully.
02-11-2026 @ 17:00:14 - Row :116 - Parsing item.
02-11-2026 @ 17:00:14 - Row :116 - Processing item.
02-11-2026 @ 17:00:14 - Processing users.
02-11-2026 @ 17:00:14 - > &#8220;117&#8221;User imported successfully. ID:117
02-11-2026 @ 17:00:14 - > Finished importing user 117
02-11-2026 @ 17:00:14 - Row :116 - User imported successfully.
02-11-2026 @ 17:00:14 - Row :117 - Parsing item.
02-11-2026 @ 17:00:14 - Row :117 - Processing item.
02-11-2026 @ 17:00:14 - Processing users.
02-11-2026 @ 17:00:14 - > &#8220;118&#8221;User imported successfully. ID:118
02-11-2026 @ 17:00:14 - > Finished importing user 118
02-11-2026 @ 17:00:14 - Row :117 - User imported successfully.
02-11-2026 @ 17:00:14 - Row :118 - Parsing item.
02-11-2026 @ 17:00:14 - Row :118 - Processing item.
02-11-2026 @ 17:00:14 - Processing users.
02-11-2026 @ 17:00:14 - > &#8220;119&#8221;User imported successfully. ID:119
02-11-2026 @ 17:00:14 - > Finished importing user 119
02-11-2026 @ 17:00:14 - Row :118 - User imported successfully.
02-11-2026 @ 17:00:14 - Row :119 - Parsing item.
02-11-2026 @ 17:00:14 - Row :119 - Processing item.
02-11-2026 @ 17:00:14 - Processing users.
02-11-2026 @ 17:00:14 - > &#8220;120&#8221;User imported successfully. ID:120
02-11-2026 @ 17:00:14 - > Finished importing user 120
02-11-2026 @ 17:00:14 - Row :119 - User imported successfully.
02-11-2026 @ 17:00:14 - Row :120 - Parsing item.
02-11-2026 @ 17:00:14 - Row :120 - Processing item.
02-11-2026 @ 17:00:14 - Processing users.
02-11-2026 @ 17:00:15 - > &#8220;121&#8221;User imported successfully. ID:121
02-11-2026 @ 17:00:15 - > Finished importing user 121
02-11-2026 @ 17:00:15 - Row :120 - User imported successfully.
02-11-2026 @ 17:00:15 - Preparing for import.
02-11-2026 @ 17:00:15 - Row :121 - Parsing item.
02-11-2026 @ 17:00:15 - Row :121 - Processing item.
02-11-2026 @ 17:00:15 - Processing users.
02-11-2026 @ 17:00:15 - > &#8220;122&#8221;User imported successfully. ID:122
02-11-2026 @ 17:00:15 - > Finished importing user 122
02-11-2026 @ 17:00:15 - Row :121 - User imported successfully.
02-11-2026 @ 17:00:15 - Row :122 - Parsing item.
02-11-2026 @ 17:00:15 - Row :122 - Processing item.
02-11-2026 @ 17:00:15 - Processing users.
02-11-2026 @ 17:00:15 - > &#8220;123&#8221;User imported successfully. ID:123
02-11-2026 @ 17:00:15 - > Finished importing user 123
02-11-2026 @ 17:00:15 - Row :122 - User imported successfully.
02-11-2026 @ 17:00:15 - Row :123 - Parsing item.
02-11-2026 @ 17:00:15 - Row :123 - Processing item.
02-11-2026 @ 17:00:15 - Processing users.
02-11-2026 @ 17:00:15 - > &#8220;124&#8221;User imported successfully. ID:124
02-11-2026 @ 17:00:15 - > Finished importing user 124
02-11-2026 @ 17:00:15 - Row :123 - User imported successfully.
02-11-2026 @ 17:00:15 - Row :124 - Parsing item.
02-11-2026 @ 17:00:15 - Row :124 - Processing item.
02-11-2026 @ 17:00:15 - Processing users.
02-11-2026 @ 17:00:16 - > &#8220;125&#8221;User imported successfully. ID:125
02-11-2026 @ 17:00:16 - > Finished importing user 125
02-11-2026 @ 17:00:16 - Row :124 - User imported successfully.
02-11-2026 @ 17:00:16 - Row :125 - Parsing item.
02-11-2026 @ 17:00:16 - Row :125 - Processing item.
02-11-2026 @ 17:00:16 - Processing users.
02-11-2026 @ 17:00:16 - > &#8220;126&#8221;User imported successfully. ID:126
02-11-2026 @ 17:00:16 - > Finished importing user 126
02-11-2026 @ 17:00:16 - Row :125 - User imported successfully.
02-11-2026 @ 17:00:16 - Row :126 - Parsing item.
02-11-2026 @ 17:00:16 - Row :126 - Processing item.
02-11-2026 @ 17:00:16 - Processing users.
02-11-2026 @ 17:00:16 - > &#8220;127&#8221;User imported successfully. ID:127
02-11-2026 @ 17:00:16 - > Finished importing user 127
02-11-2026 @ 17:00:16 - Row :126 - User imported successfully.
02-11-2026 @ 17:00:16 - Row :127 - Parsing item.
02-11-2026 @ 17:00:16 - Row :127 - Processing item.
02-11-2026 @ 17:00:16 - Processing users.
02-11-2026 @ 17:00:16 - > &#8220;128&#8221;User imported successfully. ID:128
02-11-2026 @ 17:00:16 - > Finished importing user 128
02-11-2026 @ 17:00:16 - Row :127 - User imported successfully.
02-11-2026 @ 17:00:16 - Row :128 - Parsing item.
02-11-2026 @ 17:00:16 - Row :128 - Processing item.
02-11-2026 @ 17:00:16 - Processing users.
02-11-2026 @ 17:00:16 - > &#8220;129&#8221;User imported successfully. ID:129
02-11-2026 @ 17:00:16 - > Finished importing user 129
02-11-2026 @ 17:00:16 - Row :128 - User imported successfully.
02-11-2026 @ 17:00:16 - Row :129 - Parsing item.
02-11-2026 @ 17:00:16 - Row :129 - Processing item.
02-11-2026 @ 17:00:16 - Processing users.
02-11-2026 @ 17:00:17 - > &#8220;130&#8221;User imported successfully. ID:130
02-11-2026 @ 17:00:17 - > Finished importing user 130
02-11-2026 @ 17:00:17 - Row :129 - User imported successfully.
02-11-2026 @ 17:00:17 - Row :130 - Parsing item.
02-11-2026 @ 17:00:17 - Row :130 - Processing item.
02-11-2026 @ 17:00:17 - Processing users.
02-11-2026 @ 17:00:17 - > &#8220;131&#8221;User imported successfully. ID:131
02-11-2026 @ 17:00:17 - > Finished importing user 131
02-11-2026 @ 17:00:17 - Row :130 - User imported successfully.
02-11-2026 @ 17:00:17 - Preparing for import.
02-11-2026 @ 17:00:17 - Row :131 - Parsing item.
02-11-2026 @ 17:00:17 - Row :131 - Processing item.
02-11-2026 @ 17:00:17 - Processing users.
02-11-2026 @ 17:00:17 - > &#8220;132&#8221;User imported successfully. ID:132
02-11-2026 @ 17:00:17 - > Finished importing user 132
02-11-2026 @ 17:00:17 - Row :131 - User imported successfully.
02-11-2026 @ 17:00:17 - Row :132 - Parsing item.
02-11-2026 @ 17:00:17 - Row :132 - Processing item.
02-11-2026 @ 17:00:17 - Processing users.
02-11-2026 @ 17:00:17 - > &#8220;133&#8221;User imported successfully. ID:133
02-11-2026 @ 17:00:17 - > Finished importing user 133
02-11-2026 @ 17:00:17 - Row :132 - User imported successfully.
02-11-2026 @ 17:00:17 - Row :133 - Parsing item.
02-11-2026 @ 17:00:17 - Row :133 - Processing item.
02-11-2026 @ 17:00:17 - Processing users.
02-11-2026 @ 17:00:18 - > &#8220;134&#8221;User imported successfully. ID:134
02-11-2026 @ 17:00:18 - > Finished importing user 134
02-11-2026 @ 17:00:18 - Row :133 - User imported successfully.
02-11-2026 @ 17:00:18 - Row :134 - Parsing item.
02-11-2026 @ 17:00:18 - Row :134 - Processing item.
02-11-2026 @ 17:00:18 - Processing users.
02-11-2026 @ 17:00:18 - > &#8220;135&#8221;User imported successfully. ID:135
02-11-2026 @ 17:00:18 - > Finished importing user 135
02-11-2026 @ 17:00:18 - Row :134 - User imported successfully.
02-11-2026 @ 17:00:18 - Row :135 - Parsing item.
02-11-2026 @ 17:00:18 - Row :135 - Processing item.
02-11-2026 @ 17:00:18 - Processing users.
02-11-2026 @ 17:00:18 - > &#8220;136&#8221;User imported successfully. ID:136
02-11-2026 @ 17:00:18 - > Finished importing user 136
02-11-2026 @ 17:00:18 - Row :135 - User imported successfully.
02-11-2026 @ 17:00:18 - Row :136 - Parsing item.
02-11-2026 @ 17:00:18 - Row :136 - Processing item.
02-11-2026 @ 17:00:18 - Processing users.
02-11-2026 @ 17:00:18 - > &#8220;137&#8221;User imported successfully. ID:137
02-11-2026 @ 17:00:18 - > Finished importing user 137
02-11-2026 @ 17:00:18 - Row :136 - User imported successfully.
02-11-2026 @ 17:00:18 - Row :137 - Parsing item.
02-11-2026 @ 17:00:18 - Row :137 - Processing item.
02-11-2026 @ 17:00:18 - Processing users.
02-11-2026 @ 17:00:18 - > &#8220;138&#8221;User imported successfully. ID:138
02-11-2026 @ 17:00:18 - > Finished importing user 138
02-11-2026 @ 17:00:18 - Row :137 - User imported successfully.
02-11-2026 @ 17:00:18 - Row :138 - Parsing item.
02-11-2026 @ 17:00:18 - Row :138 - Processing item.
02-11-2026 @ 17:00:18 - Processing users.
02-11-2026 @ 17:00:19 - > &#8220;139&#8221;User imported successfully. ID:139
02-11-2026 @ 17:00:19 - > Finished importing user 139
02-11-2026 @ 17:00:19 - Row :138 - User imported successfully.
02-11-2026 @ 17:00:19 - Row :139 - Parsing item.
02-11-2026 @ 17:00:19 - Row :139 - Processing item.
02-11-2026 @ 17:00:19 - Processing users.
02-11-2026 @ 17:00:19 - > &#8220;140&#8221;User imported successfully. ID:140
02-11-2026 @ 17:00:19 - > Finished importing user 140
02-11-2026 @ 17:00:19 - Row :139 - User imported successfully.
02-11-2026 @ 17:00:19 - Row :140 - Parsing item.
02-11-2026 @ 17:00:19 - Row :140 - Processing item.
02-11-2026 @ 17:00:19 - Processing users.
02-11-2026 @ 17:00:19 - > &#8220;141&#8221;User imported successfully. ID:141
02-11-2026 @ 17:00:19 - > Finished importing user 141
02-11-2026 @ 17:00:19 - Row :140 - User imported successfully.
02-11-2026 @ 17:00:19 - Preparing for import.
02-11-2026 @ 17:00:19 - Row :141 - Parsing item.
02-11-2026 @ 17:00:19 - Row :141 - Processing item.
02-11-2026 @ 17:00:19 - Processing users.
02-11-2026 @ 17:00:19 - > &#8220;142&#8221;User imported successfully. ID:142
02-11-2026 @ 17:00:19 - > Finished importing user 142
02-11-2026 @ 17:00:19 - Row :141 - User imported successfully.
02-11-2026 @ 17:00:19 - Row :142 - Parsing item.
02-11-2026 @ 17:00:19 - Row :142 - Processing item.
02-11-2026 @ 17:00:19 - Processing users.
02-11-2026 @ 17:00:20 - > &#8220;143&#8221;User imported successfully. ID:143
02-11-2026 @ 17:00:20 - > Finished importing user 143
02-11-2026 @ 17:00:20 - Row :142 - User imported successfully.
02-11-2026 @ 17:00:20 - Row :143 - Parsing item.
02-11-2026 @ 17:00:20 - Row :143 - Processing item.
02-11-2026 @ 17:00:20 - Processing users.
02-11-2026 @ 17:00:20 - > &#8220;144&#8221;User imported successfully. ID:144
02-11-2026 @ 17:00:20 - > Finished importing user 144
02-11-2026 @ 17:00:20 - Row :143 - User imported successfully.
02-11-2026 @ 17:00:20 - Row :144 - Parsing item.
02-11-2026 @ 17:00:20 - Row :144 - Processing item.
02-11-2026 @ 17:00:20 - Processing users.
02-11-2026 @ 17:00:20 - > &#8220;145&#8221;User imported successfully. ID:145
02-11-2026 @ 17:00:20 - > Finished importing user 145
02-11-2026 @ 17:00:20 - Row :144 - User imported successfully.
02-11-2026 @ 17:00:20 - Row :145 - Parsing item.
02-11-2026 @ 17:00:20 - Row :145 - Processing item.
02-11-2026 @ 17:00:20 - Processing users.
02-11-2026 @ 17:00:20 - > &#8220;146&#8221;User imported successfully. ID:146
02-11-2026 @ 17:00:20 - > Finished importing user 146
02-11-2026 @ 17:00:20 - Row :145 - User imported successfully.
02-11-2026 @ 17:00:20 - Row :146 - Parsing item.
02-11-2026 @ 17:00:20 - Row :146 - Processing item.
02-11-2026 @ 17:00:20 - Processing users.
02-11-2026 @ 17:00:20 - > &#8220;147&#8221;User imported successfully. ID:147
02-11-2026 @ 17:00:20 - > Finished importing user 147
02-11-2026 @ 17:00:20 - Row :146 - User imported successfully.
02-11-2026 @ 17:00:20 - Row :147 - Parsing item.
02-11-2026 @ 17:00:20 - Row :147 - Processing item.
02-11-2026 @ 17:00:20 - Processing users.
02-11-2026 @ 17:00:21 - > &#8220;148&#8221;User imported successfully. ID:148
02-11-2026 @ 17:00:21 - > Finished importing user 148
02-11-2026 @ 17:00:21 - Row :147 - User imported successfully.
02-11-2026 @ 17:00:21 - Row :148 - Parsing item.
02-11-2026 @ 17:00:21 - Row :148 - Processing item.
02-11-2026 @ 17:00:21 - Processing users.
02-11-2026 @ 17:00:21 - > &#8220;149&#8221;User imported successfully. ID:149
02-11-2026 @ 17:00:21 - > Finished importing user 149
02-11-2026 @ 17:00:21 - Row :148 - User imported successfully.
02-11-2026 @ 17:00:21 - Row :149 - Parsing item.
02-11-2026 @ 17:00:21 - Row :149 - Processing item.
02-11-2026 @ 17:00:21 - Processing users.
02-11-2026 @ 17:00:21 - > &#8220;150&#8221;User imported successfully. ID:150
02-11-2026 @ 17:00:21 - > Finished importing user 150
02-11-2026 @ 17:00:21 - Row :149 - User imported successfully.
02-11-2026 @ 17:00:21 - Row :150 - Parsing item.
02-11-2026 @ 17:00:21 - Row :150 - Processing item.
02-11-2026 @ 17:00:21 - Processing users.
02-11-2026 @ 17:00:21 - > &#8220;151&#8221;User imported successfully. ID:151
02-11-2026 @ 17:00:21 - > Finished importing user 151
02-11-2026 @ 17:00:21 - Row :150 - User imported successfully.
02-11-2026 @ 17:00:21 - Preparing for import.
02-11-2026 @ 17:00:21 - Row :151 - Parsing item.
02-11-2026 @ 17:00:21 - Row :151 - Processing item.
02-11-2026 @ 17:00:21 - Processing users.
02-11-2026 @ 17:00:22 - > &#8220;152&#8221;User imported successfully. ID:152
02-11-2026 @ 17:00:22 - > Finished importing user 152
02-11-2026 @ 17:00:22 - Row :151 - User imported successfully.
02-11-2026 @ 17:00:22 - Row :152 - Parsing item.
02-11-2026 @ 17:00:22 - Row :152 - Processing item.
02-11-2026 @ 17:00:22 - Processing users.
02-11-2026 @ 17:00:22 - > &#8220;153&#8221;User imported successfully. ID:153
02-11-2026 @ 17:00:22 - > Finished importing user 153
02-11-2026 @ 17:00:22 - Row :152 - User imported successfully.
02-11-2026 @ 17:00:22 - Row :153 - Parsing item.
02-11-2026 @ 17:00:22 - Row :153 - Processing item.
02-11-2026 @ 17:00:22 - Processing users.
02-11-2026 @ 17:00:22 - > &#8220;154&#8221;User imported successfully. ID:154
02-11-2026 @ 17:00:22 - > Finished importing user 154
02-11-2026 @ 17:00:22 - Row :153 - User imported successfully.
02-11-2026 @ 17:00:22 - Row :154 - Parsing item.
02-11-2026 @ 17:00:22 - Row :154 - Processing item.
02-11-2026 @ 17:00:22 - Processing users.
02-11-2026 @ 17:00:22 - > &#8220;155&#8221;User imported successfully. ID:155
02-11-2026 @ 17:00:22 - > Finished importing user 155
02-11-2026 @ 17:00:22 - Row :154 - User imported successfully.
02-11-2026 @ 17:00:22 - Row :155 - Parsing item.
02-11-2026 @ 17:00:22 - Row :155 - Processing item.
02-11-2026 @ 17:00:22 - Processing users.
02-11-2026 @ 17:00:22 - > &#8220;156&#8221;User imported successfully. ID:156
02-11-2026 @ 17:00:22 - > Finished importing user 156
02-11-2026 @ 17:00:22 - Row :155 - User imported successfully.
02-11-2026 @ 17:00:22 - Row :156 - Parsing item.
02-11-2026 @ 17:00:22 - Row :156 - Processing item.
02-11-2026 @ 17:00:22 - Processing users.
02-11-2026 @ 17:00:22 - > &#8220;157&#8221;User imported successfully. ID:157
02-11-2026 @ 17:00:22 - > Finished importing user 157
02-11-2026 @ 17:00:22 - Row :156 - User imported successfully.
02-11-2026 @ 17:00:22 - Row :157 - Parsing item.
02-11-2026 @ 17:00:22 - Row :157 - Processing item.
02-11-2026 @ 17:00:22 - Processing users.
02-11-2026 @ 17:00:23 - > &#8220;158&#8221;User imported successfully. ID:158
02-11-2026 @ 17:00:23 - > Finished importing user 158
02-11-2026 @ 17:00:23 - Row :157 - User imported successfully.
02-11-2026 @ 17:00:23 - Row :158 - Parsing item.
02-11-2026 @ 17:00:23 - Row :158 - Processing item.
02-11-2026 @ 17:00:23 - Processing users.
02-11-2026 @ 17:00:23 - > &#8220;159&#8221;User imported successfully. ID:159
02-11-2026 @ 17:00:23 - > Finished importing user 159
02-11-2026 @ 17:00:23 - Row :158 - User imported successfully.
02-11-2026 @ 17:00:23 - Row :159 - Parsing item.
02-11-2026 @ 17:00:23 - Row :159 - Processing item.
02-11-2026 @ 17:00:23 - Processing users.
02-11-2026 @ 17:00:23 - > &#8220;160&#8221;User imported successfully. ID:160
02-11-2026 @ 17:00:23 - > Finished importing user 160
02-11-2026 @ 17:00:23 - Row :159 - User imported successfully.
02-11-2026 @ 17:00:23 - Row :160 - Parsing item.
02-11-2026 @ 17:00:23 - Row :160 - Processing item.
02-11-2026 @ 17:00:23 - Processing users.
02-11-2026 @ 17:00:23 - > &#8220;161&#8221;User imported successfully. ID:161
02-11-2026 @ 17:00:23 - > Finished importing user 161
02-11-2026 @ 17:00:23 - Row :160 - User imported successfully.
02-11-2026 @ 17:00:23 - Preparing for import.
02-11-2026 @ 17:00:23 - Row :161 - Parsing item.
02-11-2026 @ 17:00:23 - Row :161 - Processing item.
02-11-2026 @ 17:00:23 - Processing users.
02-11-2026 @ 17:00:24 - > &#8220;162&#8221;User imported successfully. ID:162
02-11-2026 @ 17:00:24 - > Finished importing user 162
02-11-2026 @ 17:00:24 - Row :161 - User imported successfully.
02-11-2026 @ 17:00:24 - Row :162 - Parsing item.
02-11-2026 @ 17:00:24 - Row :162 - Processing item.
02-11-2026 @ 17:00:24 - Processing users.
02-11-2026 @ 17:00:24 - > &#8220;163&#8221;User imported successfully. ID:163
02-11-2026 @ 17:00:24 - > Finished importing user 163
02-11-2026 @ 17:00:24 - Row :162 - User imported successfully.
02-11-2026 @ 17:00:24 - Row :163 - Parsing item.
02-11-2026 @ 17:00:24 - Row :163 - Processing item.
02-11-2026 @ 17:00:24 - Processing users.
02-11-2026 @ 17:00:24 - > &#8220;164&#8221;User imported successfully. ID:164
02-11-2026 @ 17:00:24 - > Finished importing user 164
02-11-2026 @ 17:00:24 - Row :163 - User imported successfully.
02-11-2026 @ 17:00:24 - Row :164 - Parsing item.
02-11-2026 @ 17:00:24 - Row :164 - Processing item.
02-11-2026 @ 17:00:24 - Processing users.
02-11-2026 @ 17:00:24 - > &#8220;165&#8221;User imported successfully. ID:165
02-11-2026 @ 17:00:24 - > Finished importing user 165
02-11-2026 @ 17:00:24 - Row :164 - User imported successfully.
02-11-2026 @ 17:00:24 - Row :165 - Parsing item.
02-11-2026 @ 17:00:24 - Row :165 - Processing item.
02-11-2026 @ 17:00:24 - Processing users.
02-11-2026 @ 17:00:24 - > &#8220;166&#8221;User imported successfully. ID:166
02-11-2026 @ 17:00:24 - > Finished importing user 166
02-11-2026 @ 17:00:24 - Row :165 - User imported successfully.
02-11-2026 @ 17:00:24 - Row :166 - Parsing item.
02-11-2026 @ 17:00:24 - Row :166 - Processing item.
02-11-2026 @ 17:00:24 - Processing users.
02-11-2026 @ 17:00:24 - > &#8220;167&#8221;User imported successfully. ID:167
02-11-2026 @ 17:00:24 - > Finished importing user 167
02-11-2026 @ 17:00:24 - Row :166 - User imported successfully.
02-11-2026 @ 17:00:24 - Row :167 - Parsing item.
02-11-2026 @ 17:00:24 - Row :167 - Processing item.
02-11-2026 @ 17:00:24 - Processing users.
02-11-2026 @ 17:00:25 - > &#8220;168&#8221;User imported successfully. ID:168
02-11-2026 @ 17:00:25 - > Finished importing user 168
02-11-2026 @ 17:00:25 - Row :167 - User imported successfully.
02-11-2026 @ 17:00:25 - ---[ Import ended at 2026-02-11 16:00:25]---
