02-13-2026 @ 14:26:58 - ---[ New import started at 2026-02-13 14:26:58 ] PHP Memory: 128 MB, WP Memory: 40 MB
02-13-2026 @ 14:26:58 - Preparing for import.
02-13-2026 @ 14:26:58 - Row :1 - Parsing item.
02-13-2026 @ 14:26:58 - Row :1 - Processing item.
02-13-2026 @ 14:26:58 - Row :1 - Prosessing failed. Reason: > Taxonomy skipped - already exist
02-13-2026 @ 14:26:58 - Row :2 - Parsing item.
02-13-2026 @ 14:26:58 - Row :2 - Processing item.
02-13-2026 @ 14:26:58 - Row :2 - Prosessing failed. Reason: > Taxonomy skipped - already exist
02-13-2026 @ 14:26:58 - Row :3 - Parsing item.
02-13-2026 @ 14:26:58 - Row :3 - Processing item.
02-13-2026 @ 14:26:58 - Row :3 - Prosessing failed. Reason: > Taxonomy skipped - already exist
02-13-2026 @ 14:26:58 - Row :4 - Parsing item.
02-13-2026 @ 14:26:58 - Row :4 - Processing item.
02-13-2026 @ 14:26:58 - Row :4 - Prosessing failed. Reason: > Taxonomy skipped - already exist
02-13-2026 @ 14:26:58 - Row :5 - Parsing item.
02-13-2026 @ 14:26:58 - Row :5 - Processing item.
02-13-2026 @ 14:26:58 - Row :5 - Prosessing failed. Reason: > Taxonomy skipped - already exist
02-13-2026 @ 14:26:58 - Row :6 - Parsing item.
02-13-2026 @ 14:26:58 - Row :6 - Processing item.
02-13-2026 @ 14:26:58 - Row :6 - Prosessing failed. Reason: > Taxonomy skipped - already exist
02-13-2026 @ 14:26:58 - Row :7 - Parsing item.
02-13-2026 @ 14:26:58 - Row :7 - Processing item.
02-13-2026 @ 14:26:58 - Row :7 - Prosessing failed. Reason: > Taxonomy skipped - already exist
02-13-2026 @ 14:26:58 - Row :8 - Parsing item.
02-13-2026 @ 14:26:58 - Row :8 - Processing item.
02-13-2026 @ 14:26:58 - Row :8 - Prosessing failed. Reason: > Taxonomy skipped - already exist
02-13-2026 @ 14:26:58 - Row :9 - Parsing item.
02-13-2026 @ 14:26:58 - Row :9 - Processing item.
02-13-2026 @ 14:26:58 - Row :9 - Prosessing failed. Reason: > Taxonomy skipped - already exist
02-13-2026 @ 14:26:58 - Row :10 - Parsing item.
02-13-2026 @ 14:26:58 - Row :10 - Processing item.
02-13-2026 @ 14:26:58 - Row :10 - Prosessing failed. Reason: > Taxonomy skipped - already exist
02-13-2026 @ 14:26:58 - Preparing for import.
02-13-2026 @ 14:26:58 - Row :11 - Parsing item.
02-13-2026 @ 14:26:58 - Row :11 - Processing item.
02-13-2026 @ 14:26:58 - Row :11 - Prosessing failed. Reason: > Taxonomy skipped - already exist
02-13-2026 @ 14:26:58 - Row :12 - Parsing item.
02-13-2026 @ 14:26:58 - Row :12 - Processing item.
02-13-2026 @ 14:26:58 - Row :12 - Prosessing failed. Reason: > Taxonomy skipped - already exist
02-13-2026 @ 14:26:58 - Row :13 - Parsing item.
02-13-2026 @ 14:26:58 - Row :13 - Processing item.
02-13-2026 @ 14:26:58 - Row :13 - Prosessing failed. Reason: > Taxonomy skipped - already exist
02-13-2026 @ 14:26:58 - Row :14 - Parsing item.
02-13-2026 @ 14:26:58 - Row :14 - Processing item.
02-13-2026 @ 14:26:58 - Row :14 - Prosessing failed. Reason: > Taxonomy skipped - already exist
02-13-2026 @ 14:26:58 - Row :15 - Parsing item.
02-13-2026 @ 14:26:58 - Row :15 - Processing item.
02-13-2026 @ 14:26:59 - Row :15 - Prosessing failed. Reason: > Taxonomy skipped - already exist
02-13-2026 @ 14:26:59 - Row :16 - Parsing item.
02-13-2026 @ 14:26:59 - Row :16 - Processing item.
02-13-2026 @ 14:26:59 - Row :16 - Tag imported successfully.
02-13-2026 @ 14:26:59 - Row :17 - Parsing item.
02-13-2026 @ 14:26:59 - Row :17 - Processing item.
02-13-2026 @ 14:26:59 - Row :17 - Prosessing failed. Reason: > Taxonomy skipped - already exist
02-13-2026 @ 14:26:59 - Row :18 - Parsing item.
02-13-2026 @ 14:26:59 - Row :18 - Processing item.
02-13-2026 @ 14:26:59 - Row :18 - Prosessing failed. Reason: > Taxonomy skipped - already exist
02-13-2026 @ 14:26:59 - Row :19 - Parsing item.
02-13-2026 @ 14:26:59 - Row :19 - Processing item.
02-13-2026 @ 14:26:59 - Row :19 - Prosessing failed. Reason: > Taxonomy skipped - already exist
02-13-2026 @ 14:26:59 - Row :20 - Parsing item.
02-13-2026 @ 14:26:59 - Row :20 - Processing item.
02-13-2026 @ 14:26:59 - Row :20 - Prosessing failed. Reason: > Taxonomy skipped - already exist
02-13-2026 @ 14:26:59 - Preparing for import.
02-13-2026 @ 14:26:59 - Row :21 - Parsing item.
02-13-2026 @ 14:26:59 - Row :21 - Processing item.
02-13-2026 @ 14:26:59 - Row :21 - Prosessing failed. Reason: > Taxonomy skipped - already exist
02-13-2026 @ 14:26:59 - Row :22 - Parsing item.
02-13-2026 @ 14:26:59 - Row :22 - Processing item.
02-13-2026 @ 14:26:59 - Row :22 - Prosessing failed. Reason: > Taxonomy skipped - already exist
02-13-2026 @ 14:26:59 - Row :23 - Parsing item.
02-13-2026 @ 14:26:59 - Row :23 - Processing item.
02-13-2026 @ 14:26:59 - Row :23 - Prosessing failed. Reason: > Taxonomy skipped - already exist
02-13-2026 @ 14:26:59 - Row :24 - Parsing item.
02-13-2026 @ 14:26:59 - Row :24 - Processing item.
02-13-2026 @ 14:26:59 - Row :24 - Prosessing failed. Reason: > Taxonomy skipped - already exist
02-13-2026 @ 14:26:59 - Row :25 - Parsing item.
02-13-2026 @ 14:26:59 - Row :25 - Processing item.
02-13-2026 @ 14:26:59 - Row :25 - Prosessing failed. Reason: > Taxonomy skipped - already exist
02-13-2026 @ 14:26:59 - Row :26 - Parsing item.
02-13-2026 @ 14:26:59 - Row :26 - Processing item.
02-13-2026 @ 14:26:59 - Row :26 - Prosessing failed. Reason: > Taxonomy skipped - already exist
02-13-2026 @ 14:26:59 - Row :27 - Parsing item.
02-13-2026 @ 14:26:59 - Row :27 - Processing item.
02-13-2026 @ 14:26:59 - Row :27 - Prosessing failed. Reason: > Taxonomy skipped - already exist
02-13-2026 @ 14:26:59 - Row :28 - Parsing item.
02-13-2026 @ 14:26:59 - Row :28 - Processing item.
02-13-2026 @ 14:26:59 - Row :28 - Prosessing failed. Reason: > Taxonomy skipped - already exist
02-13-2026 @ 14:26:59 - Row :29 - Parsing item.
02-13-2026 @ 14:26:59 - Row :29 - Processing item.
02-13-2026 @ 14:26:59 - Row :29 - Prosessing failed. Reason: > Taxonomy skipped - already exist
02-13-2026 @ 14:26:59 - Row :30 - Parsing item.
02-13-2026 @ 14:26:59 - Row :30 - Processing item.
02-13-2026 @ 14:26:59 - Row :30 - Prosessing failed. Reason: > Taxonomy skipped - already exist
02-13-2026 @ 14:26:59 - Preparing for import.
02-13-2026 @ 14:26:59 - Row :31 - Parsing item.
02-13-2026 @ 14:26:59 - Row :31 - Processing item.
02-13-2026 @ 14:26:59 - Row :31 - Prosessing failed. Reason: > Taxonomy skipped - already exist
02-13-2026 @ 14:26:59 - Row :32 - Parsing item.
02-13-2026 @ 14:26:59 - Row :32 - Processing item.
02-13-2026 @ 14:26:59 - Row :32 - Prosessing failed. Reason: > Taxonomy skipped - already exist
02-13-2026 @ 14:26:59 - Row :33 - Parsing item.
02-13-2026 @ 14:26:59 - Row :33 - Processing item.
02-13-2026 @ 14:26:59 - Row :33 - Prosessing failed. Reason: > Taxonomy skipped - already exist
02-13-2026 @ 14:26:59 - Row :34 - Parsing item.
02-13-2026 @ 14:26:59 - Row :34 - Processing item.
02-13-2026 @ 14:26:59 - Row :34 - Prosessing failed. Reason: > Taxonomy skipped - already exist
02-13-2026 @ 14:26:59 - Row :35 - Parsing item.
02-13-2026 @ 14:26:59 - Row :35 - Processing item.
02-13-2026 @ 14:26:59 - Row :35 - Prosessing failed. Reason: > Taxonomy skipped - already exist
02-13-2026 @ 14:26:59 - Row :36 - Parsing item.
02-13-2026 @ 14:26:59 - Row :36 - Processing item.
02-13-2026 @ 14:26:59 - Row :36 - Prosessing failed. Reason: > Taxonomy skipped - already exist
02-13-2026 @ 14:26:59 - Row :37 - Parsing item.
02-13-2026 @ 14:26:59 - Row :37 - Processing item.
02-13-2026 @ 14:26:59 - Row :37 - Prosessing failed. Reason: > Taxonomy skipped - already exist
02-13-2026 @ 14:26:59 - Row :38 - Parsing item.
02-13-2026 @ 14:26:59 - Row :38 - Processing item.
02-13-2026 @ 14:26:59 - Row :38 - Prosessing failed. Reason: > Taxonomy skipped - already exist
02-13-2026 @ 14:26:59 - Row :39 - Parsing item.
02-13-2026 @ 14:26:59 - Row :39 - Processing item.
02-13-2026 @ 14:26:59 - Row :39 - Prosessing failed. Reason: > Taxonomy skipped - already exist
02-13-2026 @ 14:26:59 - Row :40 - Parsing item.
02-13-2026 @ 14:26:59 - Row :40 - Processing item.
02-13-2026 @ 14:26:59 - Row :40 - Prosessing failed. Reason: > Taxonomy skipped - already exist
02-13-2026 @ 14:26:59 - Preparing for import.
02-13-2026 @ 14:26:59 - Row :41 - Parsing item.
02-13-2026 @ 14:26:59 - Row :41 - Processing item.
02-13-2026 @ 14:26:59 - Row :41 - Prosessing failed. Reason: > Taxonomy skipped - already exist
02-13-2026 @ 14:26:59 - Row :42 - Parsing item.
02-13-2026 @ 14:26:59 - Row :42 - Processing item.
02-13-2026 @ 14:26:59 - Row :42 - Prosessing failed. Reason: > Taxonomy skipped - already exist
02-13-2026 @ 14:26:59 - Row :43 - Parsing item.
02-13-2026 @ 14:26:59 - Row :43 - Processing item.
02-13-2026 @ 14:26:59 - Row :43 - Prosessing failed. Reason: > Taxonomy skipped - already exist
02-13-2026 @ 14:26:59 - Row :44 - Parsing item.
02-13-2026 @ 14:26:59 - Row :44 - Processing item.
02-13-2026 @ 14:26:59 - Row :44 - Prosessing failed. Reason: > Taxonomy skipped - already exist
02-13-2026 @ 14:26:59 - Row :45 - Parsing item.
02-13-2026 @ 14:26:59 - Row :45 - Processing item.
02-13-2026 @ 14:26:59 - Row :45 - Prosessing failed. Reason: > Taxonomy skipped - already exist
02-13-2026 @ 14:26:59 - Row :46 - Parsing item.
02-13-2026 @ 14:26:59 - Row :46 - Processing item.
02-13-2026 @ 14:26:59 - Row :46 - Prosessing failed. Reason: > Taxonomy skipped - already exist
02-13-2026 @ 14:26:59 - Row :47 - Parsing item.
02-13-2026 @ 14:26:59 - Row :47 - Processing item.
02-13-2026 @ 14:26:59 - Row :47 - Prosessing failed. Reason: > Taxonomy skipped - already exist
02-13-2026 @ 14:26:59 - Row :48 - Parsing item.
02-13-2026 @ 14:26:59 - Row :48 - Processing item.
02-13-2026 @ 14:26:59 - Row :48 - Tag imported successfully.
02-13-2026 @ 14:26:59 - Row :49 - Parsing item.
02-13-2026 @ 14:26:59 - Row :49 - Processing item.
02-13-2026 @ 14:26:59 - Row :49 - Prosessing failed. Reason: > Taxonomy skipped - already exist
02-13-2026 @ 14:26:59 - Row :50 - Parsing item.
02-13-2026 @ 14:26:59 - Row :50 - Processing item.
02-13-2026 @ 14:26:59 - Row :50 - Prosessing failed. Reason: > Taxonomy skipped - already exist
02-13-2026 @ 14:27:00 - Preparing for import.
02-13-2026 @ 14:27:00 - Row :51 - Parsing item.
02-13-2026 @ 14:27:00 - Row :51 - Processing item.
02-13-2026 @ 14:27:00 - Row :51 - Prosessing failed. Reason: > Taxonomy skipped - already exist
02-13-2026 @ 14:27:00 - Row :52 - Parsing item.
02-13-2026 @ 14:27:00 - Row :52 - Processing item.
02-13-2026 @ 14:27:00 - Row :52 - Prosessing failed. Reason: > Taxonomy skipped - already exist
02-13-2026 @ 14:27:00 - Row :53 - Parsing item.
02-13-2026 @ 14:27:00 - Row :53 - Processing item.
02-13-2026 @ 14:27:00 - Row :53 - Prosessing failed. Reason: > Taxonomy skipped - already exist
02-13-2026 @ 14:27:00 - Row :54 - Parsing item.
02-13-2026 @ 14:27:00 - Row :54 - Processing item.
02-13-2026 @ 14:27:00 - Row :54 - Prosessing failed. Reason: > Taxonomy skipped - already exist
02-13-2026 @ 14:27:00 - Row :55 - Parsing item.
02-13-2026 @ 14:27:00 - Row :55 - Processing item.
02-13-2026 @ 14:27:00 - Row :55 - Prosessing failed. Reason: > Taxonomy skipped - already exist
02-13-2026 @ 14:27:00 - Row :56 - Parsing item.
02-13-2026 @ 14:27:00 - Row :56 - Processing item.
02-13-2026 @ 14:27:00 - Row :56 - Prosessing failed. Reason: > Taxonomy skipped - already exist
02-13-2026 @ 14:27:00 - Row :57 - Parsing item.
02-13-2026 @ 14:27:00 - Row :57 - Processing item.
02-13-2026 @ 14:27:00 - Row :57 - Prosessing failed. Reason: > Taxonomy skipped - already exist
02-13-2026 @ 14:27:00 - Row :58 - Parsing item.
02-13-2026 @ 14:27:00 - Row :58 - Processing item.
02-13-2026 @ 14:27:00 - Row :58 - Prosessing failed. Reason: > Taxonomy skipped - already exist
02-13-2026 @ 14:27:00 - Row :59 - Parsing item.
02-13-2026 @ 14:27:00 - Row :59 - Processing item.
02-13-2026 @ 14:27:00 - Row :59 - Prosessing failed. Reason: > Taxonomy skipped - already exist
02-13-2026 @ 14:27:00 - Row :60 - Parsing item.
02-13-2026 @ 14:27:00 - Row :60 - Processing item.
02-13-2026 @ 14:27:00 - Row :60 - Prosessing failed. Reason: > Taxonomy skipped - already exist
02-13-2026 @ 14:27:00 - Preparing for import.
02-13-2026 @ 14:27:00 - Row :61 - Parsing item.
02-13-2026 @ 14:27:00 - Row :61 - Processing item.
02-13-2026 @ 14:27:00 - Row :61 - Prosessing failed. Reason: > Taxonomy skipped - already exist
02-13-2026 @ 14:27:00 - Row :62 - Parsing item.
02-13-2026 @ 14:27:00 - Row :62 - Processing item.
02-13-2026 @ 14:27:00 - Row :62 - Prosessing failed. Reason: > Taxonomy skipped - already exist
02-13-2026 @ 14:27:00 - Row :63 - Parsing item.
02-13-2026 @ 14:27:00 - Row :63 - Processing item.
02-13-2026 @ 14:27:00 - Row :63 - Prosessing failed. Reason: > Taxonomy skipped - already exist
02-13-2026 @ 14:27:00 - Row :64 - Parsing item.
02-13-2026 @ 14:27:00 - Row :64 - Processing item.
02-13-2026 @ 14:27:00 - Row :64 - Prosessing failed. Reason: > Taxonomy skipped - already exist
02-13-2026 @ 14:27:00 - Row :65 - Parsing item.
02-13-2026 @ 14:27:00 - Row :65 - Processing item.
02-13-2026 @ 14:27:00 - Row :65 - Prosessing failed. Reason: > Taxonomy skipped - already exist
02-13-2026 @ 14:27:00 - Row :66 - Parsing item.
02-13-2026 @ 14:27:00 - Row :66 - Processing item.
02-13-2026 @ 14:27:00 - Row :66 - Prosessing failed. Reason: > Taxonomy skipped - already exist
02-13-2026 @ 14:27:00 - Row :67 - Parsing item.
02-13-2026 @ 14:27:00 - Row :67 - Processing item.
02-13-2026 @ 14:27:00 - Row :67 - Prosessing failed. Reason: > Taxonomy skipped - already exist
02-13-2026 @ 14:27:00 - Row :68 - Parsing item.
02-13-2026 @ 14:27:00 - Row :68 - Processing item.
02-13-2026 @ 14:27:00 - Row :68 - Prosessing failed. Reason: > Taxonomy skipped - already exist
02-13-2026 @ 14:27:00 - Row :69 - Parsing item.
02-13-2026 @ 14:27:00 - Row :69 - Processing item.
02-13-2026 @ 14:27:00 - Row :69 - Prosessing failed. Reason: > Taxonomy skipped - already exist
02-13-2026 @ 14:27:00 - Row :70 - Parsing item.
02-13-2026 @ 14:27:00 - Row :70 - Processing item.
02-13-2026 @ 14:27:00 - Row :70 - Prosessing failed. Reason: > Taxonomy skipped - already exist
02-13-2026 @ 14:27:00 - Preparing for import.
02-13-2026 @ 14:27:00 - Row :71 - Parsing item.
02-13-2026 @ 14:27:00 - Row :71 - Processing item.
02-13-2026 @ 14:27:00 - Row :71 - Prosessing failed. Reason: > Taxonomy skipped - already exist
02-13-2026 @ 14:27:00 - Row :72 - Parsing item.
02-13-2026 @ 14:27:00 - Row :72 - Processing item.
02-13-2026 @ 14:27:00 - Row :72 - Prosessing failed. Reason: > Taxonomy skipped - already exist
02-13-2026 @ 14:27:00 - Row :73 - Parsing item.
02-13-2026 @ 14:27:00 - Row :73 - Processing item.
02-13-2026 @ 14:27:00 - Row :73 - Prosessing failed. Reason: > Taxonomy skipped - already exist
02-13-2026 @ 14:27:00 - Row :74 - Parsing item.
02-13-2026 @ 14:27:00 - Row :74 - Processing item.
02-13-2026 @ 14:27:00 - Row :74 - Prosessing failed. Reason: > Taxonomy skipped - already exist
02-13-2026 @ 14:27:00 - Row :75 - Parsing item.
02-13-2026 @ 14:27:00 - Row :75 - Processing item.
02-13-2026 @ 14:27:00 - Row :75 - Prosessing failed. Reason: > Taxonomy skipped - already exist
02-13-2026 @ 14:27:00 - Row :76 - Parsing item.
02-13-2026 @ 14:27:00 - Row :76 - Processing item.
02-13-2026 @ 14:27:00 - Row :76 - Prosessing failed. Reason: > Taxonomy skipped - already exist
02-13-2026 @ 14:27:00 - Row :77 - Parsing item.
02-13-2026 @ 14:27:00 - Row :77 - Processing item.
02-13-2026 @ 14:27:00 - Row :77 - Prosessing failed. Reason: > Taxonomy skipped - already exist
02-13-2026 @ 14:27:00 - Row :78 - Parsing item.
02-13-2026 @ 14:27:00 - Row :78 - Processing item.
02-13-2026 @ 14:27:00 - Row :78 - Prosessing failed. Reason: > Taxonomy skipped - already exist
02-13-2026 @ 14:27:00 - Row :79 - Parsing item.
02-13-2026 @ 14:27:00 - Row :79 - Processing item.
02-13-2026 @ 14:27:00 - Row :79 - Prosessing failed. Reason: > Taxonomy skipped - already exist
02-13-2026 @ 14:27:00 - Row :80 - Parsing item.
02-13-2026 @ 14:27:00 - Row :80 - Processing item.
02-13-2026 @ 14:27:00 - Row :80 - Prosessing failed. Reason: > Taxonomy skipped - already exist
02-13-2026 @ 14:27:01 - Preparing for import.
02-13-2026 @ 14:27:01 - Row :81 - Parsing item.
02-13-2026 @ 14:27:01 - Row :81 - Processing item.
02-13-2026 @ 14:27:01 - Row :81 - Prosessing failed. Reason: > Taxonomy skipped - already exist
02-13-2026 @ 14:27:01 - Row :82 - Parsing item.
02-13-2026 @ 14:27:01 - Row :82 - Processing item.
02-13-2026 @ 14:27:01 - Row :82 - Prosessing failed. Reason: > Taxonomy skipped - already exist
02-13-2026 @ 14:27:01 - Row :83 - Parsing item.
02-13-2026 @ 14:27:01 - Row :83 - Processing item.
02-13-2026 @ 14:27:01 - Row :83 - Prosessing failed. Reason: > Taxonomy skipped - already exist
02-13-2026 @ 14:27:01 - Row :84 - Parsing item.
02-13-2026 @ 14:27:01 - Row :84 - Processing item.
02-13-2026 @ 14:27:01 - Row :84 - Prosessing failed. Reason: > Taxonomy skipped - already exist
02-13-2026 @ 14:27:01 - Row :85 - Parsing item.
02-13-2026 @ 14:27:01 - Row :85 - Processing item.
02-13-2026 @ 14:27:01 - Row :85 - Prosessing failed. Reason: > Taxonomy skipped - already exist
02-13-2026 @ 14:27:01 - Row :86 - Parsing item.
02-13-2026 @ 14:27:01 - Row :86 - Processing item.
02-13-2026 @ 14:27:01 - Row :86 - Prosessing failed. Reason: > Taxonomy skipped - already exist
02-13-2026 @ 14:27:01 - Row :87 - Parsing item.
02-13-2026 @ 14:27:01 - Row :87 - Processing item.
02-13-2026 @ 14:27:01 - Row :87 - Prosessing failed. Reason: > Taxonomy skipped - already exist
02-13-2026 @ 14:27:01 - Row :88 - Parsing item.
02-13-2026 @ 14:27:01 - Row :88 - Processing item.
02-13-2026 @ 14:27:01 - Row :88 - Prosessing failed. Reason: > Taxonomy skipped - already exist
02-13-2026 @ 14:27:01 - Row :89 - Parsing item.
02-13-2026 @ 14:27:01 - Row :89 - Processing item.
02-13-2026 @ 14:27:01 - Row :89 - Prosessing failed. Reason: > Taxonomy skipped - already exist
02-13-2026 @ 14:27:01 - Row :90 - Parsing item.
02-13-2026 @ 14:27:01 - Row :90 - Processing item.
02-13-2026 @ 14:27:01 - Row :90 - Prosessing failed. Reason: > Taxonomy skipped - already exist
02-13-2026 @ 14:27:01 - Preparing for import.
02-13-2026 @ 14:27:01 - Row :91 - Parsing item.
02-13-2026 @ 14:27:01 - Row :91 - Processing item.
02-13-2026 @ 14:27:01 - Row :91 - Prosessing failed. Reason: > Taxonomy skipped - already exist
02-13-2026 @ 14:27:01 - Row :92 - Parsing item.
02-13-2026 @ 14:27:01 - Row :92 - Processing item.
02-13-2026 @ 14:27:01 - Row :92 - Prosessing failed. Reason: > Taxonomy skipped - already exist
02-13-2026 @ 14:27:01 - Row :93 - Parsing item.
02-13-2026 @ 14:27:01 - Row :93 - Processing item.
02-13-2026 @ 14:27:01 - Row :93 - Prosessing failed. Reason: > Taxonomy skipped - already exist
02-13-2026 @ 14:27:01 - Row :94 - Parsing item.
02-13-2026 @ 14:27:01 - Row :94 - Processing item.
02-13-2026 @ 14:27:01 - Row :94 - Prosessing failed. Reason: > Taxonomy skipped - already exist
02-13-2026 @ 14:27:01 - Row :95 - Parsing item.
02-13-2026 @ 14:27:01 - Row :95 - Processing item.
02-13-2026 @ 14:27:01 - Row :95 - Prosessing failed. Reason: > Taxonomy skipped - already exist
02-13-2026 @ 14:27:01 - Row :96 - Parsing item.
02-13-2026 @ 14:27:01 - Row :96 - Processing item.
02-13-2026 @ 14:27:01 - Row :96 - Prosessing failed. Reason: > Taxonomy skipped - already exist
02-13-2026 @ 14:27:01 - Row :97 - Parsing item.
02-13-2026 @ 14:27:01 - Row :97 - Processing item.
02-13-2026 @ 14:27:01 - Row :97 - Prosessing failed. Reason: > Taxonomy skipped - already exist
02-13-2026 @ 14:27:01 - Row :98 - Parsing item.
02-13-2026 @ 14:27:01 - Row :98 - Processing item.
02-13-2026 @ 14:27:01 - Row :98 - Prosessing failed. Reason: > Taxonomy skipped - already exist
02-13-2026 @ 14:27:01 - Row :99 - Parsing item.
02-13-2026 @ 14:27:01 - Row :99 - Processing item.
02-13-2026 @ 14:27:01 - Row :99 - Prosessing failed. Reason: > Taxonomy skipped - already exist
02-13-2026 @ 14:27:01 - Row :100 - Parsing item.
02-13-2026 @ 14:27:01 - Row :100 - Processing item.
02-13-2026 @ 14:27:01 - Row :100 - Prosessing failed. Reason: > Taxonomy skipped - already exist
02-13-2026 @ 14:27:01 - Preparing for import.
02-13-2026 @ 14:27:01 - Row :101 - Parsing item.
02-13-2026 @ 14:27:01 - Row :101 - Processing item.
02-13-2026 @ 14:27:01 - Row :101 - Prosessing failed. Reason: > Taxonomy skipped - already exist
02-13-2026 @ 14:27:01 - Row :102 - Parsing item.
02-13-2026 @ 14:27:01 - Row :102 - Processing item.
02-13-2026 @ 14:27:01 - Row :102 - Prosessing failed. Reason: > Taxonomy skipped - already exist
02-13-2026 @ 14:27:01 - Row :103 - Parsing item.
02-13-2026 @ 14:27:01 - Row :103 - Processing item.
02-13-2026 @ 14:27:01 - Row :103 - Prosessing failed. Reason: > Taxonomy skipped - already exist
02-13-2026 @ 14:27:01 - Row :104 - Parsing item.
02-13-2026 @ 14:27:01 - Row :104 - Processing item.
02-13-2026 @ 14:27:01 - Row :104 - Prosessing failed. Reason: > Taxonomy skipped - already exist
02-13-2026 @ 14:27:01 - Row :105 - Parsing item.
02-13-2026 @ 14:27:01 - Row :105 - Processing item.
02-13-2026 @ 14:27:01 - Row :105 - Prosessing failed. Reason: > Taxonomy skipped - already exist
02-13-2026 @ 14:27:01 - Row :106 - Parsing item.
02-13-2026 @ 14:27:01 - Row :106 - Processing item.
02-13-2026 @ 14:27:01 - Row :106 - Prosessing failed. Reason: > Taxonomy skipped - already exist
02-13-2026 @ 14:27:01 - Row :107 - Parsing item.
02-13-2026 @ 14:27:01 - Row :107 - Processing item.
02-13-2026 @ 14:27:01 - Row :107 - Prosessing failed. Reason: > Taxonomy skipped - already exist
02-13-2026 @ 14:27:01 - Row :108 - Parsing item.
02-13-2026 @ 14:27:01 - Row :108 - Processing item.
02-13-2026 @ 14:27:01 - Row :108 - Prosessing failed. Reason: > Taxonomy skipped - already exist
02-13-2026 @ 14:27:01 - Row :109 - Parsing item.
02-13-2026 @ 14:27:01 - Row :109 - Processing item.
02-13-2026 @ 14:27:01 - Row :109 - Prosessing failed. Reason: > Taxonomy skipped - already exist
02-13-2026 @ 14:27:01 - Row :110 - Parsing item.
02-13-2026 @ 14:27:01 - Row :110 - Processing item.
02-13-2026 @ 14:27:01 - Row :110 - Prosessing failed. Reason: > Taxonomy skipped - already exist
02-13-2026 @ 14:27:02 - Preparing for import.
02-13-2026 @ 14:27:02 - Row :111 - Parsing item.
02-13-2026 @ 14:27:02 - Row :111 - Processing item.
02-13-2026 @ 14:27:02 - Row :111 - Prosessing failed. Reason: > Taxonomy skipped - already exist
02-13-2026 @ 14:27:02 - Row :112 - Parsing item.
02-13-2026 @ 14:27:02 - Row :112 - Processing item.
02-13-2026 @ 14:27:02 - Row :112 - Prosessing failed. Reason: > Taxonomy skipped - already exist
02-13-2026 @ 14:27:02 - Row :113 - Parsing item.
02-13-2026 @ 14:27:02 - Row :113 - Processing item.
02-13-2026 @ 14:27:02 - Row :113 - Prosessing failed. Reason: > Taxonomy skipped - already exist
02-13-2026 @ 14:27:02 - Row :114 - Parsing item.
02-13-2026 @ 14:27:02 - Row :114 - Processing item.
02-13-2026 @ 14:27:02 - Row :114 - Prosessing failed. Reason: > Taxonomy skipped - already exist
02-13-2026 @ 14:27:02 - Row :115 - Parsing item.
02-13-2026 @ 14:27:02 - Row :115 - Processing item.
02-13-2026 @ 14:27:02 - Row :115 - Prosessing failed. Reason: > Taxonomy skipped - already exist
02-13-2026 @ 14:27:02 - Row :116 - Parsing item.
02-13-2026 @ 14:27:02 - Row :116 - Processing item.
02-13-2026 @ 14:27:02 - Row :116 - Tag imported successfully.
02-13-2026 @ 14:27:02 - Row :117 - Parsing item.
02-13-2026 @ 14:27:02 - Row :117 - Processing item.
02-13-2026 @ 14:27:02 - Row :117 - Prosessing failed. Reason: > Taxonomy skipped - already exist
02-13-2026 @ 14:27:02 - Row :118 - Parsing item.
02-13-2026 @ 14:27:02 - Row :118 - Processing item.
02-13-2026 @ 14:27:02 - Row :118 - Prosessing failed. Reason: > Taxonomy skipped - already exist
02-13-2026 @ 14:27:02 - Row :119 - Parsing item.
02-13-2026 @ 14:27:02 - Row :119 - Processing item.
02-13-2026 @ 14:27:02 - Row :119 - Prosessing failed. Reason: > Taxonomy skipped - already exist
02-13-2026 @ 14:27:02 - Row :120 - Parsing item.
02-13-2026 @ 14:27:02 - Row :120 - Processing item.
02-13-2026 @ 14:27:02 - Row :120 - Prosessing failed. Reason: > Taxonomy skipped - already exist
02-13-2026 @ 14:27:02 - Preparing for import.
02-13-2026 @ 14:27:02 - Row :121 - Parsing item.
02-13-2026 @ 14:27:02 - Row :121 - Processing item.
02-13-2026 @ 14:27:02 - Row :121 - Prosessing failed. Reason: > Taxonomy skipped - already exist
02-13-2026 @ 14:27:02 - Row :122 - Parsing item.
02-13-2026 @ 14:27:02 - Row :122 - Processing item.
02-13-2026 @ 14:27:02 - Row :122 - Prosessing failed. Reason: > Taxonomy skipped - already exist
02-13-2026 @ 14:27:02 - Row :123 - Parsing item.
02-13-2026 @ 14:27:02 - Row :123 - Processing item.
02-13-2026 @ 14:27:02 - Row :123 - Prosessing failed. Reason: > Taxonomy skipped - already exist
02-13-2026 @ 14:27:02 - Row :124 - Parsing item.
02-13-2026 @ 14:27:02 - Row :124 - Processing item.
02-13-2026 @ 14:27:02 - Row :124 - Prosessing failed. Reason: > Taxonomy skipped - already exist
02-13-2026 @ 14:27:02 - Row :125 - Parsing item.
02-13-2026 @ 14:27:02 - Row :125 - Processing item.
02-13-2026 @ 14:27:02 - Row :125 - Prosessing failed. Reason: > Taxonomy skipped - already exist
02-13-2026 @ 14:27:02 - Row :126 - Parsing item.
02-13-2026 @ 14:27:02 - Row :126 - Processing item.
02-13-2026 @ 14:27:02 - Row :126 - Prosessing failed. Reason: > Taxonomy skipped - already exist
02-13-2026 @ 14:27:02 - Row :127 - Parsing item.
02-13-2026 @ 14:27:02 - Row :127 - Processing item.
02-13-2026 @ 14:27:02 - Row :127 - Prosessing failed. Reason: > Taxonomy skipped - already exist
02-13-2026 @ 14:27:02 - Row :128 - Parsing item.
02-13-2026 @ 14:27:02 - Row :128 - Processing item.
02-13-2026 @ 14:27:02 - Row :128 - Prosessing failed. Reason: > Taxonomy skipped - already exist
02-13-2026 @ 14:27:02 - Row :129 - Parsing item.
02-13-2026 @ 14:27:02 - Row :129 - Processing item.
02-13-2026 @ 14:27:02 - Row :129 - Prosessing failed. Reason: > Taxonomy skipped - already exist
02-13-2026 @ 14:27:02 - Row :130 - Parsing item.
02-13-2026 @ 14:27:02 - Row :130 - Processing item.
02-13-2026 @ 14:27:02 - Row :130 - Prosessing failed. Reason: > Taxonomy skipped - already exist
02-13-2026 @ 14:27:02 - Preparing for import.
02-13-2026 @ 14:27:02 - Row :131 - Parsing item.
02-13-2026 @ 14:27:02 - Row :131 - Processing item.
02-13-2026 @ 14:27:02 - Row :131 - Prosessing failed. Reason: > Taxonomy skipped - already exist
02-13-2026 @ 14:27:02 - Row :132 - Parsing item.
02-13-2026 @ 14:27:02 - Row :132 - Processing item.
02-13-2026 @ 14:27:02 - Row :132 - Prosessing failed. Reason: > Taxonomy skipped - already exist
02-13-2026 @ 14:27:02 - Row :133 - Parsing item.
02-13-2026 @ 14:27:02 - Row :133 - Processing item.
02-13-2026 @ 14:27:02 - Row :133 - Prosessing failed. Reason: > Taxonomy skipped - already exist
02-13-2026 @ 14:27:02 - Row :134 - Parsing item.
02-13-2026 @ 14:27:02 - Row :134 - Processing item.
02-13-2026 @ 14:27:02 - Row :134 - Prosessing failed. Reason: > Taxonomy skipped - already exist
02-13-2026 @ 14:27:02 - Row :135 - Parsing item.
02-13-2026 @ 14:27:02 - Row :135 - Processing item.
02-13-2026 @ 14:27:02 - Row :135 - Prosessing failed. Reason: > Taxonomy skipped - already exist
02-13-2026 @ 14:27:02 - Row :136 - Parsing item.
02-13-2026 @ 14:27:02 - Row :136 - Processing item.
02-13-2026 @ 14:27:02 - Row :136 - Prosessing failed. Reason: > Taxonomy skipped - already exist
02-13-2026 @ 14:27:02 - Row :137 - Parsing item.
02-13-2026 @ 14:27:02 - Row :137 - Processing item.
02-13-2026 @ 14:27:02 - Row :137 - Prosessing failed. Reason: > Taxonomy skipped - already exist
02-13-2026 @ 14:27:02 - Row :138 - Parsing item.
02-13-2026 @ 14:27:02 - Row :138 - Processing item.
02-13-2026 @ 14:27:02 - Row :138 - Prosessing failed. Reason: > Taxonomy skipped - already exist
02-13-2026 @ 14:27:02 - Row :139 - Parsing item.
02-13-2026 @ 14:27:02 - Row :139 - Processing item.
02-13-2026 @ 14:27:02 - Row :139 - Prosessing failed. Reason: > Taxonomy skipped - already exist
02-13-2026 @ 14:27:02 - Row :140 - Parsing item.
02-13-2026 @ 14:27:02 - Row :140 - Processing item.
02-13-2026 @ 14:27:02 - Row :140 - Prosessing failed. Reason: > Taxonomy skipped - already exist
02-13-2026 @ 14:27:03 - Preparing for import.
02-13-2026 @ 14:27:03 - Row :141 - Parsing item.
02-13-2026 @ 14:27:03 - Row :141 - Processing item.
02-13-2026 @ 14:27:03 - Row :141 - Prosessing failed. Reason: > Taxonomy skipped - already exist
02-13-2026 @ 14:27:03 - Row :142 - Parsing item.
02-13-2026 @ 14:27:03 - Row :142 - Processing item.
02-13-2026 @ 14:27:03 - Row :142 - Prosessing failed. Reason: > Taxonomy skipped - already exist
02-13-2026 @ 14:27:03 - Row :143 - Parsing item.
02-13-2026 @ 14:27:03 - Row :143 - Processing item.
02-13-2026 @ 14:27:03 - Row :143 - Prosessing failed. Reason: > Taxonomy skipped - already exist
02-13-2026 @ 14:27:03 - Row :144 - Parsing item.
02-13-2026 @ 14:27:03 - Row :144 - Processing item.
02-13-2026 @ 14:27:03 - Row :144 - Prosessing failed. Reason: > Taxonomy skipped - already exist
02-13-2026 @ 14:27:03 - Row :145 - Parsing item.
02-13-2026 @ 14:27:03 - Row :145 - Processing item.
02-13-2026 @ 14:27:03 - Row :145 - Prosessing failed. Reason: > Taxonomy skipped - already exist
02-13-2026 @ 14:27:03 - Row :146 - Parsing item.
02-13-2026 @ 14:27:03 - Row :146 - Processing item.
02-13-2026 @ 14:27:03 - Row :146 - Prosessing failed. Reason: > Taxonomy skipped - already exist
02-13-2026 @ 14:27:03 - Row :147 - Parsing item.
02-13-2026 @ 14:27:03 - Row :147 - Processing item.
02-13-2026 @ 14:27:03 - Row :147 - Prosessing failed. Reason: > Taxonomy skipped - already exist
02-13-2026 @ 14:27:03 - Row :148 - Parsing item.
02-13-2026 @ 14:27:03 - Row :148 - Processing item.
02-13-2026 @ 14:27:03 - Row :148 - Prosessing failed. Reason: > Taxonomy skipped - already exist
02-13-2026 @ 14:27:03 - Row :149 - Parsing item.
02-13-2026 @ 14:27:03 - Row :149 - Processing item.
02-13-2026 @ 14:27:03 - Row :149 - Prosessing failed. Reason: > Taxonomy skipped - already exist
02-13-2026 @ 14:27:03 - Row :150 - Parsing item.
02-13-2026 @ 14:27:03 - Row :150 - Processing item.
02-13-2026 @ 14:27:03 - Row :150 - Prosessing failed. Reason: > Taxonomy skipped - already exist
02-13-2026 @ 14:27:03 - Preparing for import.
02-13-2026 @ 14:27:03 - Row :151 - Parsing item.
02-13-2026 @ 14:27:03 - Row :151 - Processing item.
02-13-2026 @ 14:27:03 - Row :151 - Prosessing failed. Reason: > Taxonomy skipped - already exist
02-13-2026 @ 14:27:03 - Row :152 - Parsing item.
02-13-2026 @ 14:27:03 - Row :152 - Processing item.
02-13-2026 @ 14:27:03 - Row :152 - Prosessing failed. Reason: > Taxonomy skipped - already exist
02-13-2026 @ 14:27:03 - Row :153 - Parsing item.
02-13-2026 @ 14:27:03 - Row :153 - Processing item.
02-13-2026 @ 14:27:03 - Row :153 - Prosessing failed. Reason: > Taxonomy skipped - already exist
02-13-2026 @ 14:27:03 - Row :154 - Parsing item.
02-13-2026 @ 14:27:03 - Row :154 - Processing item.
02-13-2026 @ 14:27:03 - Row :154 - Prosessing failed. Reason: > Taxonomy skipped - already exist
02-13-2026 @ 14:27:03 - Row :155 - Parsing item.
02-13-2026 @ 14:27:03 - Row :155 - Processing item.
02-13-2026 @ 14:27:03 - Row :155 - Prosessing failed. Reason: > Taxonomy skipped - already exist
02-13-2026 @ 14:27:03 - Row :156 - Parsing item.
02-13-2026 @ 14:27:03 - Row :156 - Processing item.
02-13-2026 @ 14:27:03 - Row :156 - Prosessing failed. Reason: > Taxonomy skipped - already exist
02-13-2026 @ 14:27:03 - Row :157 - Parsing item.
02-13-2026 @ 14:27:03 - Row :157 - Processing item.
02-13-2026 @ 14:27:03 - Row :157 - Prosessing failed. Reason: > Taxonomy skipped - already exist
02-13-2026 @ 14:27:03 - Row :158 - Parsing item.
02-13-2026 @ 14:27:03 - Row :158 - Processing item.
02-13-2026 @ 14:27:03 - Row :158 - Prosessing failed. Reason: > Taxonomy skipped - already exist
02-13-2026 @ 14:27:03 - Row :159 - Parsing item.
02-13-2026 @ 14:27:03 - Row :159 - Processing item.
02-13-2026 @ 14:27:03 - Row :159 - Prosessing failed. Reason: > Taxonomy skipped - already exist
02-13-2026 @ 14:27:03 - Row :160 - Parsing item.
02-13-2026 @ 14:27:03 - Row :160 - Processing item.
02-13-2026 @ 14:27:03 - Row :160 - Prosessing failed. Reason: > Taxonomy skipped - already exist
02-13-2026 @ 14:27:03 - Preparing for import.
02-13-2026 @ 14:27:03 - Row :161 - Parsing item.
02-13-2026 @ 14:27:03 - Row :161 - Processing item.
02-13-2026 @ 14:27:03 - Row :161 - Prosessing failed. Reason: > Taxonomy skipped - already exist
02-13-2026 @ 14:27:03 - Row :162 - Parsing item.
02-13-2026 @ 14:27:03 - Row :162 - Processing item.
02-13-2026 @ 14:27:03 - Row :162 - Prosessing failed. Reason: > Taxonomy skipped - already exist
02-13-2026 @ 14:27:03 - Row :163 - Parsing item.
02-13-2026 @ 14:27:03 - Row :163 - Processing item.
02-13-2026 @ 14:27:03 - Row :163 - Prosessing failed. Reason: > Taxonomy skipped - already exist
02-13-2026 @ 14:27:03 - Row :164 - Parsing item.
02-13-2026 @ 14:27:03 - Row :164 - Processing item.
02-13-2026 @ 14:27:03 - Row :164 - Prosessing failed. Reason: > Taxonomy skipped - already exist
02-13-2026 @ 14:27:03 - Row :165 - Parsing item.
02-13-2026 @ 14:27:03 - Row :165 - Processing item.
02-13-2026 @ 14:27:03 - Row :165 - Prosessing failed. Reason: > Taxonomy skipped - already exist
02-13-2026 @ 14:27:03 - Row :166 - Parsing item.
02-13-2026 @ 14:27:03 - Row :166 - Processing item.
02-13-2026 @ 14:27:03 - Row :166 - Prosessing failed. Reason: > Taxonomy skipped - already exist
02-13-2026 @ 14:27:03 - Row :167 - Parsing item.
02-13-2026 @ 14:27:03 - Row :167 - Processing item.
02-13-2026 @ 14:27:03 - Row :167 - Prosessing failed. Reason: > Taxonomy skipped - already exist
02-13-2026 @ 14:27:03 - Row :168 - Parsing item.
02-13-2026 @ 14:27:03 - Row :168 - Processing item.
02-13-2026 @ 14:27:03 - Row :168 - Prosessing failed. Reason: > Taxonomy skipped - already exist
02-13-2026 @ 14:27:03 - Row :169 - Parsing item.
02-13-2026 @ 14:27:03 - Row :169 - Processing item.
02-13-2026 @ 14:27:03 - Row :169 - Prosessing failed. Reason: > Taxonomy skipped - already exist
02-13-2026 @ 14:27:03 - Row :170 - Parsing item.
02-13-2026 @ 14:27:03 - Row :170 - Processing item.
02-13-2026 @ 14:27:03 - Row :170 - Prosessing failed. Reason: > Taxonomy skipped - already exist
02-13-2026 @ 14:27:03 - Preparing for import.
02-13-2026 @ 14:27:03 - Row :171 - Parsing item.
02-13-2026 @ 14:27:03 - Row :171 - Processing item.
02-13-2026 @ 14:27:03 - Row :171 - Prosessing failed. Reason: > Taxonomy skipped - already exist
02-13-2026 @ 14:27:03 - Row :172 - Parsing item.
02-13-2026 @ 14:27:03 - Row :172 - Processing item.
02-13-2026 @ 14:27:03 - Row :172 - Prosessing failed. Reason: > Taxonomy skipped - already exist
02-13-2026 @ 14:27:03 - Row :173 - Parsing item.
02-13-2026 @ 14:27:03 - Row :173 - Processing item.
02-13-2026 @ 14:27:03 - Row :173 - Prosessing failed. Reason: > Taxonomy skipped - already exist
02-13-2026 @ 14:27:03 - Row :174 - Parsing item.
02-13-2026 @ 14:27:03 - Row :174 - Processing item.
02-13-2026 @ 14:27:03 - Row :174 - Prosessing failed. Reason: > Taxonomy skipped - already exist
02-13-2026 @ 14:27:03 - Row :175 - Parsing item.
02-13-2026 @ 14:27:03 - Row :175 - Processing item.
02-13-2026 @ 14:27:03 - Row :175 - Prosessing failed. Reason: > Taxonomy skipped - already exist
02-13-2026 @ 14:27:03 - Row :176 - Parsing item.
02-13-2026 @ 14:27:03 - Row :176 - Processing item.
02-13-2026 @ 14:27:04 - Row :176 - Prosessing failed. Reason: > Taxonomy skipped - already exist
02-13-2026 @ 14:27:04 - Row :177 - Parsing item.
02-13-2026 @ 14:27:04 - Row :177 - Processing item.
02-13-2026 @ 14:27:04 - Row :177 - Prosessing failed. Reason: > Taxonomy skipped - already exist
02-13-2026 @ 14:27:04 - Row :178 - Parsing item.
02-13-2026 @ 14:27:04 - Row :178 - Processing item.
02-13-2026 @ 14:27:04 - Row :178 - Prosessing failed. Reason: > Taxonomy skipped - already exist
02-13-2026 @ 14:27:04 - Row :179 - Parsing item.
02-13-2026 @ 14:27:04 - Row :179 - Processing item.
02-13-2026 @ 14:27:04 - Row :179 - Prosessing failed. Reason: > Taxonomy skipped - already exist
02-13-2026 @ 14:27:04 - Row :180 - Parsing item.
02-13-2026 @ 14:27:04 - Row :180 - Processing item.
02-13-2026 @ 14:27:04 - Row :180 - Prosessing failed. Reason: > Taxonomy skipped - already exist
02-13-2026 @ 14:27:04 - Preparing for import.
02-13-2026 @ 14:27:04 - Row :181 - Parsing item.
02-13-2026 @ 14:27:04 - Row :181 - Processing item.
02-13-2026 @ 14:27:04 - Row :181 - Prosessing failed. Reason: > Taxonomy skipped - already exist
02-13-2026 @ 14:27:04 - Row :182 - Parsing item.
02-13-2026 @ 14:27:04 - Row :182 - Processing item.
02-13-2026 @ 14:27:04 - Row :182 - Prosessing failed. Reason: > Taxonomy skipped - already exist
02-13-2026 @ 14:27:04 - Row :183 - Parsing item.
02-13-2026 @ 14:27:04 - Row :183 - Processing item.
02-13-2026 @ 14:27:04 - Row :183 - Prosessing failed. Reason: > Taxonomy skipped - already exist
02-13-2026 @ 14:27:04 - Row :184 - Parsing item.
02-13-2026 @ 14:27:04 - Row :184 - Processing item.
02-13-2026 @ 14:27:04 - Row :184 - Prosessing failed. Reason: > Taxonomy skipped - already exist
02-13-2026 @ 14:27:04 - Row :185 - Parsing item.
02-13-2026 @ 14:27:04 - Row :185 - Processing item.
02-13-2026 @ 14:27:04 - Row :185 - Prosessing failed. Reason: > Taxonomy skipped - already exist
02-13-2026 @ 14:27:04 - Row :186 - Parsing item.
02-13-2026 @ 14:27:04 - Row :186 - Processing item.
02-13-2026 @ 14:27:04 - Row :186 - Prosessing failed. Reason: > Taxonomy skipped - already exist
02-13-2026 @ 14:27:04 - Row :187 - Parsing item.
02-13-2026 @ 14:27:04 - Row :187 - Processing item.
02-13-2026 @ 14:27:04 - Row :187 - Prosessing failed. Reason: > Taxonomy skipped - already exist
02-13-2026 @ 14:27:04 - Row :188 - Parsing item.
02-13-2026 @ 14:27:04 - Row :188 - Processing item.
02-13-2026 @ 14:27:04 - Row :188 - Prosessing failed. Reason: > Taxonomy skipped - already exist
02-13-2026 @ 14:27:04 - Row :189 - Parsing item.
02-13-2026 @ 14:27:04 - Row :189 - Processing item.
02-13-2026 @ 14:27:04 - Row :189 - Prosessing failed. Reason: > Taxonomy skipped - already exist
02-13-2026 @ 14:27:04 - Row :190 - Parsing item.
02-13-2026 @ 14:27:04 - Row :190 - Processing item.
02-13-2026 @ 14:27:04 - Row :190 - Prosessing failed. Reason: > Taxonomy skipped - already exist
02-13-2026 @ 14:27:04 - Preparing for import.
02-13-2026 @ 14:27:04 - Row :191 - Parsing item.
02-13-2026 @ 14:27:04 - Row :191 - Processing item.
02-13-2026 @ 14:27:04 - Row :191 - Prosessing failed. Reason: > Taxonomy skipped - already exist
02-13-2026 @ 14:27:04 - Row :192 - Parsing item.
02-13-2026 @ 14:27:04 - Row :192 - Processing item.
02-13-2026 @ 14:27:04 - Row :192 - Prosessing failed. Reason: > Taxonomy skipped - already exist
02-13-2026 @ 14:27:04 - Row :193 - Parsing item.
02-13-2026 @ 14:27:04 - Row :193 - Processing item.
02-13-2026 @ 14:27:04 - Row :193 - Prosessing failed. Reason: > Taxonomy skipped - already exist
02-13-2026 @ 14:27:04 - Row :194 - Parsing item.
02-13-2026 @ 14:27:04 - Row :194 - Processing item.
02-13-2026 @ 14:27:04 - Row :194 - Prosessing failed. Reason: > Taxonomy skipped - already exist
02-13-2026 @ 14:27:04 - Row :195 - Parsing item.
02-13-2026 @ 14:27:04 - Row :195 - Processing item.
02-13-2026 @ 14:27:04 - Row :195 - Prosessing failed. Reason: > Taxonomy skipped - already exist
02-13-2026 @ 14:27:04 - Row :196 - Parsing item.
02-13-2026 @ 14:27:04 - Row :196 - Processing item.
02-13-2026 @ 14:27:04 - Row :196 - Prosessing failed. Reason: > Taxonomy skipped - already exist
02-13-2026 @ 14:27:04 - Row :197 - Parsing item.
02-13-2026 @ 14:27:04 - Row :197 - Processing item.
02-13-2026 @ 14:27:04 - Row :197 - Prosessing failed. Reason: > Taxonomy skipped - already exist
02-13-2026 @ 14:27:04 - Row :198 - Parsing item.
02-13-2026 @ 14:27:04 - Row :198 - Processing item.
02-13-2026 @ 14:27:04 - Row :198 - Prosessing failed. Reason: > Taxonomy skipped - already exist
02-13-2026 @ 14:27:04 - Row :199 - Parsing item.
02-13-2026 @ 14:27:04 - Row :199 - Processing item.
02-13-2026 @ 14:27:04 - Row :199 - Prosessing failed. Reason: > Taxonomy skipped - already exist
02-13-2026 @ 14:27:04 - Row :200 - Parsing item.
02-13-2026 @ 14:27:04 - Row :200 - Processing item.
02-13-2026 @ 14:27:04 - Row :200 - Prosessing failed. Reason: > Taxonomy skipped - already exist
02-13-2026 @ 14:27:04 - Preparing for import.
02-13-2026 @ 14:27:04 - Row :201 - Parsing item.
02-13-2026 @ 14:27:04 - Row :201 - Processing item.
02-13-2026 @ 14:27:04 - Row :201 - Prosessing failed. Reason: > Taxonomy skipped - already exist
02-13-2026 @ 14:27:04 - Row :202 - Parsing item.
02-13-2026 @ 14:27:04 - Row :202 - Processing item.
02-13-2026 @ 14:27:04 - Row :202 - Prosessing failed. Reason: > Taxonomy skipped - already exist
02-13-2026 @ 14:27:04 - Row :203 - Parsing item.
02-13-2026 @ 14:27:04 - Row :203 - Processing item.
02-13-2026 @ 14:27:04 - Row :203 - Prosessing failed. Reason: > Taxonomy skipped - already exist
02-13-2026 @ 14:27:04 - Row :204 - Parsing item.
02-13-2026 @ 14:27:04 - Row :204 - Processing item.
02-13-2026 @ 14:27:04 - Row :204 - Prosessing failed. Reason: > Taxonomy skipped - already exist
02-13-2026 @ 14:27:04 - Row :205 - Parsing item.
02-13-2026 @ 14:27:04 - Row :205 - Processing item.
02-13-2026 @ 14:27:04 - Row :205 - Prosessing failed. Reason: > Taxonomy skipped - already exist
02-13-2026 @ 14:27:04 - Row :206 - Parsing item.
02-13-2026 @ 14:27:04 - Row :206 - Processing item.
02-13-2026 @ 14:27:04 - Row :206 - Prosessing failed. Reason: > Taxonomy skipped - already exist
02-13-2026 @ 14:27:04 - Row :207 - Parsing item.
02-13-2026 @ 14:27:04 - Row :207 - Processing item.
02-13-2026 @ 14:27:04 - Row :207 - Prosessing failed. Reason: > Taxonomy skipped - already exist
02-13-2026 @ 14:27:04 - Row :208 - Parsing item.
02-13-2026 @ 14:27:04 - Row :208 - Processing item.
02-13-2026 @ 14:27:04 - Row :208 - Prosessing failed. Reason: > Taxonomy skipped - already exist
02-13-2026 @ 14:27:05 - Row :209 - Parsing item.
02-13-2026 @ 14:27:05 - Row :209 - Processing item.
02-13-2026 @ 14:27:05 - Row :209 - Prosessing failed. Reason: > Taxonomy skipped - already exist
02-13-2026 @ 14:27:05 - Row :210 - Parsing item.
02-13-2026 @ 14:27:05 - Row :210 - Processing item.
02-13-2026 @ 14:27:05 - Row :210 - Prosessing failed. Reason: > Taxonomy skipped - already exist
02-13-2026 @ 14:27:05 - Preparing for import.
02-13-2026 @ 14:27:05 - Row :211 - Parsing item.
02-13-2026 @ 14:27:05 - Row :211 - Processing item.
02-13-2026 @ 14:27:05 - Row :211 - Prosessing failed. Reason: > Taxonomy skipped - already exist
02-13-2026 @ 14:27:05 - Row :212 - Parsing item.
02-13-2026 @ 14:27:05 - Row :212 - Processing item.
02-13-2026 @ 14:27:05 - Row :212 - Prosessing failed. Reason: > Taxonomy skipped - already exist
02-13-2026 @ 14:27:05 - Row :213 - Parsing item.
02-13-2026 @ 14:27:05 - Row :213 - Processing item.
02-13-2026 @ 14:27:05 - Row :213 - Prosessing failed. Reason: > Taxonomy skipped - already exist
02-13-2026 @ 14:27:05 - Row :214 - Parsing item.
02-13-2026 @ 14:27:05 - Row :214 - Processing item.
02-13-2026 @ 14:27:05 - Row :214 - Prosessing failed. Reason: > Taxonomy skipped - already exist
02-13-2026 @ 14:27:05 - Row :215 - Parsing item.
02-13-2026 @ 14:27:05 - Row :215 - Processing item.
02-13-2026 @ 14:27:05 - Row :215 - Prosessing failed. Reason: > Taxonomy skipped - already exist
02-13-2026 @ 14:27:05 - Row :216 - Parsing item.
02-13-2026 @ 14:27:05 - Row :216 - Processing item.
02-13-2026 @ 14:27:05 - Row :216 - Prosessing failed. Reason: > Taxonomy skipped - already exist
02-13-2026 @ 14:27:05 - Row :217 - Parsing item.
02-13-2026 @ 14:27:05 - Row :217 - Processing item.
02-13-2026 @ 14:27:05 - Row :217 - Prosessing failed. Reason: > Taxonomy skipped - already exist
02-13-2026 @ 14:27:05 - ---[ Import ended at 2026-02-13 14:27:05]---
